{"C:\\Users\\KenyonL\\Web Development\\Projects\\tech test refactor\\louis-react-tech-test\\src\\app\\App.jsx": {"path":"C:\\Users\\KenyonL\\Web Development\\Projects\\tech test refactor\\louis-react-tech-test\\src\\app\\App.jsx","statementMap":{"0":{"start":{"line":1,"column":0},"end":{"line":null,"column":-1}},"1":{"start":{"line":2,"column":0},"end":{"line":null,"column":-1}},"2":{"start":{"line":3,"column":0},"end":{"line":null,"column":-1}},"3":{"start":{"line":10,"column":8},"end":{"line":null,"column":-1}}},"fnMap":{},"branchMap":{},"s":{"0":0,"1":0,"2":0,"3":0},"f":{},"b":{}}
,"C:\\Users\\KenyonL\\Web Development\\Projects\\tech test refactor\\louis-react-tech-test\\src\\app\\history.js": {"path":"C:\\Users\\KenyonL\\Web Development\\Projects\\tech test refactor\\louis-react-tech-test\\src\\app\\history.js","statementMap":{"0":{"start":{"line":1,"column":0},"end":{"line":null,"column":-1}}},"fnMap":{},"branchMap":{},"s":{"0":0},"f":{},"b":{}}
,"C:\\Users\\KenyonL\\Web Development\\Projects\\tech test refactor\\louis-react-tech-test\\src\\app\\index.js": {"path":"C:\\Users\\KenyonL\\Web Development\\Projects\\tech test refactor\\louis-react-tech-test\\src\\app\\index.js","statementMap":{"0":{"start":{"line":1,"column":0},"end":{"line":null,"column":-1}},"1":{"start":{"line":2,"column":0},"end":{"line":null,"column":-1}},"2":{"start":{"line":3,"column":0},"end":{"line":null,"column":-1}},"3":{"start":{"line":5,"column":0},"end":{"line":null,"column":-1}},"4":{"start":{"line":6,"column":0},"end":{"line":null,"column":-1}},"5":{"start":{"line":8,"column":0},"end":{"line":null,"column":-1}},"6":{"start":{"line":9,"column":0},"end":{"line":null,"column":-1}}},"fnMap":{},"branchMap":{},"s":{"0":0,"1":0,"2":0,"3":0,"4":0,"5":0,"6":0},"f":{},"b":{}}
,"C:\\Users\\KenyonL\\Web Development\\Projects\\tech test refactor\\louis-react-tech-test\\src\\app\\store.js": {"path":"C:\\Users\\KenyonL\\Web Development\\Projects\\tech test refactor\\louis-react-tech-test\\src\\app\\store.js","statementMap":{"0":{"start":{"line":1,"column":0},"end":{"line":null,"column":-1}},"1":{"start":{"line":2,"column":0},"end":{"line":null,"column":-1}},"2":{"start":{"line":4,"column":0},"end":{"line":null,"column":-1}},"3":{"start":{"line":7,"column":25},"end":{"line":7,"column":0}},"4":{"start":{"line":10,"column":14},"end":{"line":10,"column":0}}},"fnMap":{},"branchMap":{"0":{"loc":{"start":{"line":7,"column":25},"end":{"line":7,"column":24}},"type":"binary-expr","locations":[{"start":{"line":7,"column":25},"end":{"line":7,"column":24}},{"start":{"line":7,"column":72},"end":{"line":7,"column":0}}]}},"s":{"0":0,"1":0,"2":0,"3":0,"4":0},"f":{},"b":{"0":[0,0]}}
,"C:\\Users\\KenyonL\\Web Development\\Projects\\tech test refactor\\louis-react-tech-test\\src\\app\\actions\\types.js": {"path":"C:\\Users\\KenyonL\\Web Development\\Projects\\tech test refactor\\louis-react-tech-test\\src\\app\\actions\\types.js","statementMap":{"0":{"start":{"line":3,"column":25},"end":{"line":3,"column":36}},"1":{"start":{"line":4,"column":24},"end":{"line":4,"column":34}},"2":{"start":{"line":5,"column":33},"end":{"line":5,"column":52}},"3":{"start":{"line":6,"column":39},"end":{"line":6,"column":64}},"4":{"start":{"line":7,"column":37},"end":{"line":7,"column":60}},"5":{"start":{"line":8,"column":27},"end":{"line":8,"column":40}}},"fnMap":{},"branchMap":{},"s":{"0":1,"1":1,"2":1,"3":1,"4":1,"5":1},"f":{},"b":{},"_coverageSchema":"332fd63041d2c1bcb487cc26dd0d5f7d97098a6c","hash":"d2ec8b87448f5270b60946349f29d1d34d5daff5"}
,"C:\\Users\\KenyonL\\Web Development\\Projects\\tech test refactor\\louis-react-tech-test\\src\\app\\actions\\common\\modal.action.js": {"path":"C:\\Users\\KenyonL\\Web Development\\Projects\\tech test refactor\\louis-react-tech-test\\src\\app\\actions\\common\\modal.action.js","statementMap":{"0":{"start":{"line":1,"column":0},"end":{"line":null,"column":-1}},"1":{"start":{"line":5,"column":0},"end":{"line":null,"column":-1}},"2":{"start":{"line":9,"column":13},"end":{"line":9,"column":7}},"3":{"start":{"line":9,"column":32},"end":{"line":null,"column":-1}},"4":{"start":{"line":17,"column":13},"end":{"line":17,"column":7}},"5":{"start":{"line":17,"column":29},"end":{"line":null,"column":-1}},"6":{"start":{"line":25,"column":13},"end":{"line":25,"column":7}},"7":{"start":{"line":25,"column":47},"end":{"line":null,"column":-1}},"8":{"start":{"line":26,"column":4},"end":{"line":null,"column":-1}},"9":{"start":{"line":31,"column":26},"end":{"line":null,"column":-1}},"10":{"start":{"line":41,"column":13},"end":{"line":41,"column":7}},"11":{"start":{"line":41,"column":37},"end":{"line":null,"column":-1}},"12":{"start":{"line":46,"column":13},"end":{"line":46,"column":7}},"13":{"start":{"line":46,"column":26},"end":{"line":null,"column":-1}}},"fnMap":{"0":{"name":"showSuccessModal","decl":{"start":{"line":9,"column":13},"end":{"line":9,"column":32}},"loc":{"start":{"line":9,"column":32},"end":{"line":9,"column":7}}},"1":{"name":"showFailModal","decl":{"start":{"line":17,"column":13},"end":{"line":17,"column":29}},"loc":{"start":{"line":17,"column":29},"end":{"line":17,"column":7}}},"2":{"name":"showDeleteNoteConfirmationModal","decl":{"start":{"line":25,"column":13},"end":{"line":25,"column":47}},"loc":{"start":{"line":25,"column":47},"end":{"line":25,"column":7}}},"3":{"name":"(anonymous_4)","decl":{"start":{"line":25,"column":55},"end":{"line":25,"column":66}},"loc":{"start":{"line":25,"column":67},"end":{"line":25,"column":47}}},"4":{"name":"callback","decl":{"start":{"line":31,"column":26},"end":{"line":null,"column":-1}},"loc":{"start":{"line":31,"column":26},"end":{"line":null,"column":-1}}},"5":{"name":"showConfirmationModal","decl":{"start":{"line":41,"column":13},"end":{"line":41,"column":37}},"loc":{"start":{"line":41,"column":37},"end":{"line":41,"column":7}}},"6":{"name":"closeModal","decl":{"start":{"line":46,"column":13},"end":{"line":46,"column":26}},"loc":{"start":{"line":46,"column":26},"end":{"line":46,"column":7}}}},"branchMap":{},"s":{"0":0,"1":0,"2":0,"3":0,"4":0,"5":0,"6":0,"7":0,"8":0,"9":0,"10":0,"11":0,"12":0,"13":0},"f":{"0":0,"1":0,"2":0,"3":0,"4":0,"5":0,"6":0},"b":{}}
,"C:\\Users\\KenyonL\\Web Development\\Projects\\tech test refactor\\louis-react-tech-test\\src\\app\\actions\\filterValues\\index.actions.js": {"path":"C:\\Users\\KenyonL\\Web Development\\Projects\\tech test refactor\\louis-react-tech-test\\src\\app\\actions\\filterValues\\index.actions.js","statementMap":{"0":{"start":{"line":3,"column":35},"end":{"line":6,"column":2}},"1":{"start":{"line":3,"column":47},"end":{"line":6,"column":1}}},"fnMap":{"0":{"name":"(anonymous_0)","decl":{"start":{"line":3,"column":35},"end":{"line":3,"column":36}},"loc":{"start":{"line":3,"column":47},"end":{"line":6,"column":1}},"line":3}},"branchMap":{},"s":{"0":1,"1":1},"f":{"0":1},"b":{},"_coverageSchema":"332fd63041d2c1bcb487cc26dd0d5f7d97098a6c","hash":"0b6ac3cf15bdfec68478dd3a512f70d13e9ef740"}
,"C:\\Users\\KenyonL\\Web Development\\Projects\\tech test refactor\\louis-react-tech-test\\src\\app\\actions\\note\\notes.action.js": {"path":"C:\\Users\\KenyonL\\Web Development\\Projects\\tech test refactor\\louis-react-tech-test\\src\\app\\actions\\note\\notes.action.js","statementMap":{"0":{"start":{"line":1,"column":0},"end":{"line":null,"column":-1}},"1":{"start":{"line":2,"column":0},"end":{"line":null,"column":-1}},"2":{"start":{"line":3,"column":0},"end":{"line":null,"column":-1}},"3":{"start":{"line":4,"column":0},"end":{"line":null,"column":-1}},"4":{"start":{"line":24,"column":13},"end":{"line":24,"column":7}},"5":{"start":{"line":24,"column":24},"end":{"line":null,"column":-1}},"6":{"start":{"line":25,"column":4},"end":{"line":null,"column":-1}},"7":{"start":{"line":27,"column":12},"end":{"line":null,"column":-1}},"8":{"start":{"line":33,"column":12},"end":{"line":null,"column":-1}},"9":{"start":{"line":41,"column":13},"end":{"line":41,"column":7}},"10":{"start":{"line":41,"column":23},"end":{"line":null,"column":-1}},"11":{"start":{"line":42,"column":4},"end":{"line":null,"column":-1}},"12":{"start":{"line":44,"column":12},"end":{"line":null,"column":-1}},"13":{"start":{"line":50,"column":12},"end":{"line":null,"column":-1}},"14":{"start":{"line":56,"column":13},"end":{"line":56,"column":7}},"15":{"start":{"line":56,"column":24},"end":{"line":null,"column":-1}},"16":{"start":{"line":57,"column":4},"end":{"line":null,"column":-1}},"17":{"start":{"line":59,"column":12},"end":{"line":61,"column":13}},"18":{"start":{"line":60,"column":16},"end":{"line":null,"column":-1}},"19":{"start":{"line":62,"column":12},"end":{"line":null,"column":-1}},"20":{"start":{"line":66,"column":12},"end":{"line":null,"column":-1}},"21":{"start":{"line":69,"column":12},"end":{"line":null,"column":-1}},"22":{"start":{"line":72,"column":12},"end":{"line":null,"column":-1}},"23":{"start":{"line":77,"column":13},"end":{"line":77,"column":7}},"24":{"start":{"line":77,"column":25},"end":{"line":null,"column":-1}},"25":{"start":{"line":78,"column":4},"end":{"line":null,"column":-1}},"26":{"start":{"line":80,"column":12},"end":{"line":82,"column":13}},"27":{"start":{"line":81,"column":16},"end":{"line":null,"column":-1}},"28":{"start":{"line":83,"column":12},"end":{"line":null,"column":-1}},"29":{"start":{"line":87,"column":12},"end":{"line":null,"column":-1}},"30":{"start":{"line":90,"column":12},"end":{"line":null,"column":-1}},"31":{"start":{"line":94,"column":12},"end":{"line":null,"column":-1}},"32":{"start":{"line":100,"column":13},"end":{"line":100,"column":7}},"33":{"start":{"line":100,"column":26},"end":{"line":null,"column":-1}},"34":{"start":{"line":101,"column":4},"end":{"line":null,"column":-1}},"35":{"start":{"line":103,"column":12},"end":{"line":105,"column":13}},"36":{"start":{"line":104,"column":16},"end":{"line":null,"column":-1}},"37":{"start":{"line":108,"column":12},"end":{"line":null,"column":-1}},"38":{"start":{"line":115,"column":13},"end":{"line":115,"column":7}},"39":{"start":{"line":115,"column":30},"end":{"line":null,"column":-1}},"40":{"start":{"line":116,"column":4},"end":{"line":null,"column":-1}},"41":{"start":{"line":117,"column":8},"end":{"line":null,"column":-1}},"42":{"start":{"line":118,"column":8},"end":{"line":null,"column":-1}}},"fnMap":{"0":{"name":"getNotes","decl":{"start":{"line":24,"column":13},"end":{"line":24,"column":24}},"loc":{"start":{"line":24,"column":24},"end":{"line":24,"column":7}}},"1":{"name":"(anonymous_2)","decl":{"start":{"line":24,"column":30},"end":{"line":24,"column":41}},"loc":{"start":{"line":24,"column":42},"end":{"line":24,"column":24}}},"2":{"name":"(anonymous_3)","decl":{"start":{"line":26,"column":14},"end":{"line":26,"column":14}},"loc":{"start":{"line":26,"column":28},"end":{"line":25,"column":11}}},"3":{"name":"(anonymous_4)","decl":{"start":{"line":32,"column":15},"end":{"line":32,"column":20}},"loc":{"start":{"line":32,"column":21},"end":{"line":25,"column":11}}},"4":{"name":"getNote","decl":{"start":{"line":41,"column":13},"end":{"line":41,"column":23}},"loc":{"start":{"line":41,"column":23},"end":{"line":41,"column":7}}},"5":{"name":"(anonymous_6)","decl":{"start":{"line":41,"column":31},"end":{"line":41,"column":42}},"loc":{"start":{"line":41,"column":43},"end":{"line":41,"column":23}}},"6":{"name":"(anonymous_7)","decl":{"start":{"line":43,"column":14},"end":{"line":43,"column":14}},"loc":{"start":{"line":43,"column":28},"end":{"line":42,"column":11}}},"7":{"name":"(anonymous_8)","decl":{"start":{"line":49,"column":15},"end":{"line":49,"column":20}},"loc":{"start":{"line":49,"column":21},"end":{"line":42,"column":11}}},"8":{"name":"postNote","decl":{"start":{"line":56,"column":13},"end":{"line":56,"column":24}},"loc":{"start":{"line":56,"column":24},"end":{"line":56,"column":7}}},"9":{"name":"(anonymous_10)","decl":{"start":{"line":56,"column":44},"end":{"line":56,"column":55}},"loc":{"start":{"line":56,"column":56},"end":{"line":56,"column":24}}},"10":{"name":"(anonymous_11)","decl":{"start":{"line":58,"column":14},"end":{"line":58,"column":19}},"loc":{"start":{"line":58,"column":20},"end":{"line":57,"column":11}}},"11":{"name":"(anonymous_12)","decl":{"start":{"line":68,"column":15},"end":{"line":68,"column":20}},"loc":{"start":{"line":68,"column":21},"end":{"line":57,"column":11}}},"12":{"name":"patchNote","decl":{"start":{"line":77,"column":13},"end":{"line":77,"column":25}},"loc":{"start":{"line":77,"column":25},"end":{"line":77,"column":7}}},"13":{"name":"(anonymous_14)","decl":{"start":{"line":77,"column":45},"end":{"line":77,"column":56}},"loc":{"start":{"line":77,"column":57},"end":{"line":77,"column":25}}},"14":{"name":"(anonymous_15)","decl":{"start":{"line":79,"column":14},"end":{"line":79,"column":19}},"loc":{"start":{"line":79,"column":20},"end":{"line":78,"column":11}}},"15":{"name":"(anonymous_16)","decl":{"start":{"line":89,"column":15},"end":{"line":89,"column":20}},"loc":{"start":{"line":89,"column":21},"end":{"line":78,"column":11}}},"16":{"name":"deleteNote","decl":{"start":{"line":100,"column":13},"end":{"line":100,"column":26}},"loc":{"start":{"line":100,"column":26},"end":{"line":100,"column":7}}},"17":{"name":"(anonymous_18)","decl":{"start":{"line":100,"column":44},"end":{"line":100,"column":55}},"loc":{"start":{"line":100,"column":56},"end":{"line":100,"column":26}}},"18":{"name":"(anonymous_19)","decl":{"start":{"line":102,"column":14},"end":{"line":102,"column":19}},"loc":{"start":{"line":102,"column":20},"end":{"line":101,"column":11}}},"19":{"name":"(anonymous_20)","decl":{"start":{"line":107,"column":15},"end":{"line":107,"column":20}},"loc":{"start":{"line":107,"column":21},"end":{"line":101,"column":11}}},"20":{"name":"deleteCallback","decl":{"start":{"line":115,"column":13},"end":{"line":115,"column":30}},"loc":{"start":{"line":115,"column":30},"end":{"line":115,"column":7}}},"21":{"name":"(anonymous_22)","decl":{"start":{"line":115,"column":38},"end":{"line":115,"column":49}},"loc":{"start":{"line":115,"column":50},"end":{"line":115,"column":30}}},"22":{"name":"(anonymous_23)","decl":{"start":{"line":116,"column":28},"end":{"line":116,"column":33}},"loc":{"start":{"line":116,"column":34},"end":{"line":116,"column":13}}}},"branchMap":{"0":{"loc":{"start":{"line":59,"column":12},"end":{"line":61,"column":13}},"type":"if","locations":[{"start":{"line":59,"column":12},"end":{"line":61,"column":13}},{"start":{"line":59,"column":12},"end":{"line":61,"column":13}}]},"1":{"loc":{"start":{"line":80,"column":12},"end":{"line":82,"column":13}},"type":"if","locations":[{"start":{"line":80,"column":12},"end":{"line":82,"column":13}},{"start":{"line":80,"column":12},"end":{"line":82,"column":13}}]},"2":{"loc":{"start":{"line":103,"column":12},"end":{"line":105,"column":13}},"type":"if","locations":[{"start":{"line":103,"column":12},"end":{"line":105,"column":13}},{"start":{"line":103,"column":12},"end":{"line":105,"column":13}}]}},"s":{"0":0,"1":0,"2":0,"3":0,"4":0,"5":0,"6":0,"7":0,"8":0,"9":0,"10":0,"11":0,"12":0,"13":0,"14":0,"15":0,"16":0,"17":0,"18":0,"19":0,"20":0,"21":0,"22":0,"23":0,"24":0,"25":0,"26":0,"27":0,"28":0,"29":0,"30":0,"31":0,"32":0,"33":0,"34":0,"35":0,"36":0,"37":0,"38":0,"39":0,"40":0,"41":0,"42":0},"f":{"0":0,"1":0,"2":0,"3":0,"4":0,"5":0,"6":0,"7":0,"8":0,"9":0,"10":0,"11":0,"12":0,"13":0,"14":0,"15":0,"16":0,"17":0,"18":0,"19":0,"20":0,"21":0,"22":0},"b":{"0":[0,0],"1":[0,0],"2":[0,0]}}
,"C:\\Users\\KenyonL\\Web Development\\Projects\\tech test refactor\\louis-react-tech-test\\src\\app\\components\\common\\Modal\\ConfirmationMessage.jsx": {"path":"C:\\Users\\KenyonL\\Web Development\\Projects\\tech test refactor\\louis-react-tech-test\\src\\app\\components\\common\\Modal\\ConfirmationMessage.jsx","statementMap":{"0":{"start":{"line":1,"column":0},"end":{"line":null,"column":-1}},"1":{"start":{"line":2,"column":0},"end":{"line":null,"column":-1}},"2":{"start":{"line":6,"column":8},"end":{"line":null,"column":-1}}},"fnMap":{},"branchMap":{},"s":{"0":0,"1":0,"2":0},"f":{},"b":{}}
,"C:\\Users\\KenyonL\\Web Development\\Projects\\tech test refactor\\louis-react-tech-test\\src\\app\\components\\common\\Modal\\Modal.jsx": {"path":"C:\\Users\\KenyonL\\Web Development\\Projects\\tech test refactor\\louis-react-tech-test\\src\\app\\components\\common\\Modal\\Modal.jsx","statementMap":{"0":{"start":{"line":1,"column":0},"end":{"line":null,"column":-1}},"1":{"start":{"line":2,"column":0},"end":{"line":null,"column":-1}},"2":{"start":{"line":6,"column":33},"end":{"line":5,"column":13}},"3":{"start":{"line":5,"column":13},"end":{"line":5,"column":12}},"4":{"start":{"line":7,"column":8},"end":{"line":20,"column":9}},"5":{"start":{"line":8,"column":12},"end":{"line":null,"column":-1}},"6":{"start":{"line":21,"column":8},"end":{"line":null,"column":-1}}},"fnMap":{},"branchMap":{"0":{"loc":{"start":{"line":7,"column":8},"end":{"line":20,"column":9}},"type":"if","locations":[{"start":{"line":7,"column":8},"end":{"line":20,"column":9}},{"start":{"line":7,"column":8},"end":{"line":20,"column":9}}]},"1":{"loc":{"start":{"line":12,"column":25},"end":{"line":12,"column":24}},"type":"binary-expr","locations":[{"start":{"line":12,"column":25},"end":{"line":12,"column":24}},{"start":{"line":12,"column":45},"end":{"line":11,"column":20}}]}},"s":{"0":0,"1":0,"2":0,"3":0,"4":0,"5":0,"6":0},"f":{},"b":{"0":[0,0],"1":[0,0]}}
,"C:\\Users\\KenyonL\\Web Development\\Projects\\tech test refactor\\louis-react-tech-test\\src\\app\\components\\common\\Modal\\StatusMessage.jsx": {"path":"C:\\Users\\KenyonL\\Web Development\\Projects\\tech test refactor\\louis-react-tech-test\\src\\app\\components\\common\\Modal\\StatusMessage.jsx","statementMap":{"0":{"start":{"line":1,"column":0},"end":{"line":null,"column":-1}},"1":{"start":{"line":5,"column":8},"end":{"line":7,"column":9}},"2":{"start":{"line":6,"column":12},"end":{"line":null,"column":-1}},"3":{"start":{"line":8,"column":8},"end":{"line":10,"column":9}},"4":{"start":{"line":9,"column":12},"end":{"line":null,"column":-1}},"5":{"start":{"line":11,"column":8},"end":{"line":13,"column":9}},"6":{"start":{"line":12,"column":12},"end":{"line":null,"column":-1}},"7":{"start":{"line":17,"column":8},"end":{"line":null,"column":-1}}},"fnMap":{},"branchMap":{"0":{"loc":{"start":{"line":5,"column":8},"end":{"line":7,"column":9}},"type":"if","locations":[{"start":{"line":5,"column":8},"end":{"line":7,"column":9}},{"start":{"line":5,"column":8},"end":{"line":7,"column":9}}]},"1":{"loc":{"start":{"line":8,"column":8},"end":{"line":10,"column":9}},"type":"if","locations":[{"start":{"line":8,"column":8},"end":{"line":10,"column":9}},{"start":{"line":8,"column":8},"end":{"line":10,"column":9}}]},"2":{"loc":{"start":{"line":11,"column":8},"end":{"line":13,"column":9}},"type":"if","locations":[{"start":{"line":11,"column":8},"end":{"line":13,"column":9}},{"start":{"line":11,"column":8},"end":{"line":13,"column":9}}]}},"s":{"0":0,"1":0,"2":0,"3":0,"4":0,"5":0,"6":0,"7":0},"f":{},"b":{"0":[0,0],"1":[0,0],"2":[0,0]}}
,"C:\\Users\\KenyonL\\Web Development\\Projects\\tech test refactor\\louis-react-tech-test\\src\\app\\components\\common\\Navigation\\Navigation.jsx": {"path":"C:\\Users\\KenyonL\\Web Development\\Projects\\tech test refactor\\louis-react-tech-test\\src\\app\\components\\common\\Navigation\\Navigation.jsx","statementMap":{"0":{"start":{"line":1,"column":0},"end":{"line":null,"column":-1}},"1":{"start":{"line":2,"column":0},"end":{"line":null,"column":-1}},"2":{"start":{"line":4,"column":0},"end":{"line":null,"column":-1}},"3":{"start":{"line":5,"column":0},"end":{"line":null,"column":-1}},"4":{"start":{"line":9,"column":8},"end":{"line":null,"column":-1}}},"fnMap":{},"branchMap":{},"s":{"0":0,"1":0,"2":0,"3":0,"4":0},"f":{},"b":{}}
,"C:\\Users\\KenyonL\\Web Development\\Projects\\tech test refactor\\louis-react-tech-test\\src\\app\\components\\common\\formFields\\Select.jsx": {"path":"C:\\Users\\KenyonL\\Web Development\\Projects\\tech test refactor\\louis-react-tech-test\\src\\app\\components\\common\\formFields\\Select.jsx","statementMap":{"0":{"start":{"line":5,"column":8},"end":{"line":5,"column":21}},"1":{"start":{"line":6,"column":8},"end":{"line":6,"column":49}},"2":{"start":{"line":10,"column":8},"end":{"line":10,"column":44}},"3":{"start":{"line":14,"column":26},"end":{"line":14,"column":36}},"4":{"start":{"line":15,"column":8},"end":{"line":21,"column":9}},"5":{"start":{"line":16,"column":12},"end":{"line":20,"column":15}},"6":{"start":{"line":17,"column":16},"end":{"line":19,"column":18}},"7":{"start":{"line":25,"column":8},"end":{"line":29,"column":9}}},"fnMap":{"0":{"name":"(anonymous_0)","decl":{"start":{"line":4,"column":4},"end":{"line":4,"column":5}},"loc":{"start":{"line":4,"column":23},"end":{"line":7,"column":5}},"line":4},"1":{"name":"(anonymous_1)","decl":{"start":{"line":9,"column":4},"end":{"line":9,"column":5}},"loc":{"start":{"line":9,"column":16},"end":{"line":11,"column":5}},"line":9},"2":{"name":"(anonymous_2)","decl":{"start":{"line":13,"column":4},"end":{"line":13,"column":5}},"loc":{"start":{"line":13,"column":20},"end":{"line":22,"column":5}},"line":13},"3":{"name":"(anonymous_3)","decl":{"start":{"line":16,"column":31},"end":{"line":16,"column":32}},"loc":{"start":{"line":16,"column":36},"end":{"line":20,"column":13}},"line":16},"4":{"name":"(anonymous_4)","decl":{"start":{"line":24,"column":4},"end":{"line":24,"column":5}},"loc":{"start":{"line":24,"column":13},"end":{"line":30,"column":5}},"line":24}},"branchMap":{"0":{"loc":{"start":{"line":15,"column":8},"end":{"line":21,"column":9}},"type":"if","locations":[{"start":{"line":15,"column":8},"end":{"line":21,"column":9}},{"start":{"line":15,"column":8},"end":{"line":21,"column":9}}],"line":15},"1":{"loc":{"start":{"line":15,"column":11},"end":{"line":15,"column":51}},"type":"binary-expr","locations":[{"start":{"line":15,"column":11},"end":{"line":15,"column":33}},{"start":{"line":15,"column":37},"end":{"line":15,"column":51}}],"line":15}},"s":{"0":3,"1":3,"2":1,"3":4,"4":4,"5":4,"6":8,"7":4},"f":{"0":3,"1":1,"2":4,"3":8,"4":4},"b":{"0":[4,0],"1":[4,4]},"_coverageSchema":"332fd63041d2c1bcb487cc26dd0d5f7d97098a6c","hash":"95a1830debea9f6e4f587e449a4204b3a1d17734"}
,"C:\\Users\\KenyonL\\Web Development\\Projects\\tech test refactor\\louis-react-tech-test\\src\\app\\components\\common\\reduxFormFields\\Error.jsx": {"path":"C:\\Users\\KenyonL\\Web Development\\Projects\\tech test refactor\\louis-react-tech-test\\src\\app\\components\\common\\reduxFormFields\\Error.jsx","statementMap":{"0":{"start":{"line":1,"column":0},"end":{"line":null,"column":-1}},"1":{"start":{"line":5,"column":26},"end":{"line":4,"column":13}},"2":{"start":{"line":6,"column":8},"end":{"line":12,"column":9}},"3":{"start":{"line":7,"column":12},"end":{"line":null,"column":-1}},"4":{"start":{"line":13,"column":8},"end":{"line":null,"column":-1}}},"fnMap":{},"branchMap":{"0":{"loc":{"start":{"line":6,"column":8},"end":{"line":12,"column":9}},"type":"if","locations":[{"start":{"line":6,"column":8},"end":{"line":12,"column":9}},{"start":{"line":6,"column":8},"end":{"line":12,"column":9}}]}},"s":{"0":0,"1":0,"2":0,"3":0,"4":0},"f":{},"b":{"0":[0,0]}}
,"C:\\Users\\KenyonL\\Web Development\\Projects\\tech test refactor\\louis-react-tech-test\\src\\app\\components\\common\\reduxFormFields\\TextArea.jsx": {"path":"C:\\Users\\KenyonL\\Web Development\\Projects\\tech test refactor\\louis-react-tech-test\\src\\app\\components\\common\\reduxFormFields\\TextArea.jsx","statementMap":{"0":{"start":{"line":1,"column":0},"end":{"line":null,"column":-1}},"1":{"start":{"line":2,"column":0},"end":{"line":null,"column":-1}},"2":{"start":{"line":3,"column":0},"end":{"line":null,"column":-1}},"3":{"start":{"line":8,"column":33},"end":{"line":7,"column":15}},"4":{"start":{"line":7,"column":15},"end":{"line":7,"column":14}},"5":{"start":{"line":9,"column":8},"end":{"line":null,"column":-1}},"6":{"start":{"line":13,"column":14},"end":{"line":13,"column":8}},"7":{"start":{"line":14,"column":8},"end":{"line":null,"column":-1}}},"fnMap":{},"branchMap":{"0":{"loc":{"start":{"line":9,"column":16},"end":{"line":9,"column":26}},"type":"binary-expr","locations":[{"start":{"line":9,"column":16},"end":{"line":9,"column":26}},{"start":{"line":9,"column":27},"end":{"line":9,"column":8}}]},"1":{"loc":{"start":{"line":13,"column":53},"end":{"line":13,"column":35}},"type":"cond-expr","locations":[{"start":{"line":13,"column":53},"end":{"line":13,"column":35}},{"start":{"line":13,"column":63},"end":{"line":13,"column":14}}]},"2":{"loc":{"start":{"line":17,"column":17},"end":{"line":18,"column":15}},"type":"binary-expr","locations":[{"start":{"line":17,"column":17},"end":{"line":18,"column":15}},{"start":{"line":18,"column":16},"end":{"line":null,"column":-1}}]}},"s":{"0":0,"1":0,"2":0,"3":0,"4":0,"5":0,"6":0,"7":0},"f":{},"b":{"0":[0,0],"1":[0,0],"2":[0,0]}}
,"C:\\Users\\KenyonL\\Web Development\\Projects\\tech test refactor\\louis-react-tech-test\\src\\app\\components\\common\\reduxFormFields\\TextInput.jsx": {"path":"C:\\Users\\KenyonL\\Web Development\\Projects\\tech test refactor\\louis-react-tech-test\\src\\app\\components\\common\\reduxFormFields\\TextInput.jsx","statementMap":{"0":{"start":{"line":1,"column":0},"end":{"line":null,"column":-1}},"1":{"start":{"line":2,"column":0},"end":{"line":null,"column":-1}},"2":{"start":{"line":3,"column":0},"end":{"line":null,"column":-1}},"3":{"start":{"line":8,"column":33},"end":{"line":7,"column":15}},"4":{"start":{"line":7,"column":15},"end":{"line":7,"column":14}},"5":{"start":{"line":9,"column":8},"end":{"line":null,"column":-1}},"6":{"start":{"line":13,"column":14},"end":{"line":13,"column":8}},"7":{"start":{"line":14,"column":8},"end":{"line":null,"column":-1}}},"fnMap":{},"branchMap":{"0":{"loc":{"start":{"line":9,"column":16},"end":{"line":9,"column":26}},"type":"binary-expr","locations":[{"start":{"line":9,"column":16},"end":{"line":9,"column":26}},{"start":{"line":9,"column":27},"end":{"line":9,"column":8}}]},"1":{"loc":{"start":{"line":13,"column":53},"end":{"line":13,"column":35}},"type":"cond-expr","locations":[{"start":{"line":13,"column":53},"end":{"line":13,"column":35}},{"start":{"line":13,"column":63},"end":{"line":13,"column":14}}]},"2":{"loc":{"start":{"line":17,"column":17},"end":{"line":18,"column":15}},"type":"binary-expr","locations":[{"start":{"line":17,"column":17},"end":{"line":18,"column":15}},{"start":{"line":18,"column":16},"end":{"line":null,"column":-1}}]}},"s":{"0":0,"1":0,"2":0,"3":0,"4":0,"5":0,"6":0,"7":0},"f":{},"b":{"0":[0,0],"1":[0,0],"2":[0,0]}}
,"C:\\Users\\KenyonL\\Web Development\\Projects\\tech test refactor\\louis-react-tech-test\\src\\app\\components\\notes\\AllNotes\\index.jsx": {"path":"C:\\Users\\KenyonL\\Web Development\\Projects\\tech test refactor\\louis-react-tech-test\\src\\app\\components\\notes\\AllNotes\\index.jsx","statementMap":{"0":{"start":{"line":1,"column":0},"end":{"line":null,"column":-1}},"1":{"start":{"line":3,"column":0},"end":{"line":null,"column":-1}},"2":{"start":{"line":6,"column":16},"end":{"line":null,"column":-1}},"3":{"start":{"line":7,"column":8},"end":{"line":null,"column":-1}},"4":{"start":{"line":8,"column":12},"end":{"line":null,"column":-1}},"5":{"start":{"line":21,"column":8},"end":{"line":null,"column":-1}}},"fnMap":{"0":{"name":"(anonymous_4)","decl":{"start":{"line":7,"column":35},"end":{"line":7,"column":35}},"loc":{"start":{"line":7,"column":45},"end":{"line":7,"column":15}}}},"branchMap":{},"s":{"0":0,"1":0,"2":0,"3":0,"4":0,"5":0},"f":{"0":0},"b":{}}
,"C:\\Users\\KenyonL\\Web Development\\Projects\\tech test refactor\\louis-react-tech-test\\src\\app\\components\\notes\\Card\\index.jsx": {"path":"C:\\Users\\KenyonL\\Web Development\\Projects\\tech test refactor\\louis-react-tech-test\\src\\app\\components\\notes\\Card\\index.jsx","statementMap":{"0":{"start":{"line":1,"column":0},"end":{"line":null,"column":-1}},"1":{"start":{"line":2,"column":0},"end":{"line":null,"column":-1}},"2":{"start":{"line":4,"column":0},"end":{"line":null,"column":-1}},"3":{"start":{"line":7,"column":13},"end":{"line":null,"column":-1}},"4":{"start":{"line":8,"column":8},"end":{"line":null,"column":-1}},"5":{"start":{"line":14,"column":37},"end":{"line":null,"column":-1}}},"fnMap":{"0":{"name":"onClick","decl":{"start":{"line":14,"column":37},"end":{"line":null,"column":-1}},"loc":{"start":{"line":14,"column":37},"end":{"line":12,"column":24}}}},"branchMap":{},"s":{"0":0,"1":0,"2":0,"3":0,"4":0,"5":0},"f":{"0":0},"b":{}}
,"C:\\Users\\KenyonL\\Web Development\\Projects\\tech test refactor\\louis-react-tech-test\\src\\app\\config\\filterOptions.js": {"path":"C:\\Users\\KenyonL\\Web Development\\Projects\\tech test refactor\\louis-react-tech-test\\src\\app\\config\\filterOptions.js","statementMap":{"0":{"start":{"line":1,"column":28},"end":{"line":1,"column":39}},"1":{"start":{"line":2,"column":27},"end":{"line":2,"column":38}},"2":{"start":{"line":3,"column":29},"end":{"line":9,"column":2}}},"fnMap":{},"branchMap":{},"s":{"0":1,"1":1,"2":1},"f":{},"b":{},"_coverageSchema":"332fd63041d2c1bcb487cc26dd0d5f7d97098a6c","hash":"723d0085f9335b3f06374a242438cf77f63752fb"}
,"C:\\Users\\KenyonL\\Web Development\\Projects\\tech test refactor\\louis-react-tech-test\\src\\app\\containers\\common\\Modal\\index.jsx": {"path":"C:\\Users\\KenyonL\\Web Development\\Projects\\tech test refactor\\louis-react-tech-test\\src\\app\\containers\\common\\Modal\\index.jsx","statementMap":{"0":{"start":{"line":1,"column":0},"end":{"line":null,"column":-1}},"1":{"start":{"line":2,"column":0},"end":{"line":null,"column":-1}},"2":{"start":{"line":3,"column":0},"end":{"line":null,"column":-1}},"3":{"start":{"line":4,"column":0},"end":{"line":null,"column":-1}},"4":{"start":{"line":5,"column":0},"end":{"line":null,"column":-1}},"5":{"start":{"line":6,"column":0},"end":{"line":null,"column":-1}},"6":{"start":{"line":10,"column":8},"end":{"line":null,"column":-1}},"7":{"start":{"line":12,"column":16},"end":{"line":null,"column":-1}},"8":{"start":{"line":14,"column":16},"end":{"line":null,"column":-1}},"9":{"start":{"line":19,"column":8},"end":{"line":null,"column":-1}},"10":{"start":{"line":30,"column":24},"end":{"line":30,"column":0}},"11":{"start":{"line":31,"column":4},"end":{"line":null,"column":-1}}},"fnMap":{"0":{"name":"mapStateToProps","decl":{"start":{"line":30,"column":6},"end":{"line":30,"column":24}},"loc":{"start":{"line":30,"column":35},"end":{"line":30,"column":0}}}},"branchMap":{"0":{"loc":{"start":{"line":11,"column":12},"end":{"line":12,"column":16}},"type":"switch","locations":[{"start":{"line":11,"column":12},"end":{"line":12,"column":16}},{"start":{"line":13,"column":12},"end":{"line":14,"column":16}}]}},"s":{"0":0,"1":0,"2":0,"3":0,"4":0,"5":0,"6":0,"7":0,"8":0,"9":0,"10":0,"11":0},"f":{"0":0},"b":{"0":[0,0]}}
,"C:\\Users\\KenyonL\\Web Development\\Projects\\tech test refactor\\louis-react-tech-test\\src\\app\\containers\\common\\formFields\\SelectContainer\\index.jsx": {"path":"C:\\Users\\KenyonL\\Web Development\\Projects\\tech test refactor\\louis-react-tech-test\\src\\app\\containers\\common\\formFields\\SelectContainer\\index.jsx","statementMap":{"0":{"start":{"line":11,"column":8},"end":{"line":17,"column":9}},"1":{"start":{"line":21,"column":24},"end":{"line":25,"column":1}},"2":{"start":{"line":22,"column":4},"end":{"line":24,"column":5}}},"fnMap":{"0":{"name":"(anonymous_0)","decl":{"start":{"line":10,"column":4},"end":{"line":10,"column":5}},"loc":{"start":{"line":10,"column":13},"end":{"line":18,"column":5}},"line":10},"1":{"name":"(anonymous_1)","decl":{"start":{"line":21,"column":24},"end":{"line":21,"column":25}},"loc":{"start":{"line":21,"column":35},"end":{"line":25,"column":1}},"line":21}},"branchMap":{},"s":{"0":4,"1":1,"2":4},"f":{"0":4,"1":4},"b":{},"_coverageSchema":"332fd63041d2c1bcb487cc26dd0d5f7d97098a6c","hash":"9a6716b950121a74150dc2072c96695519232844"}
,"C:\\Users\\KenyonL\\Web Development\\Projects\\tech test refactor\\louis-react-tech-test\\src\\app\\containers\\notes\\AllNotes\\index.jsx": {"path":"C:\\Users\\KenyonL\\Web Development\\Projects\\tech test refactor\\louis-react-tech-test\\src\\app\\containers\\notes\\AllNotes\\index.jsx","statementMap":{"0":{"start":{"line":1,"column":0},"end":{"line":null,"column":-1}},"1":{"start":{"line":2,"column":0},"end":{"line":null,"column":-1}},"2":{"start":{"line":4,"column":0},"end":{"line":null,"column":-1}},"3":{"start":{"line":5,"column":0},"end":{"line":null,"column":-1}},"4":{"start":{"line":6,"column":0},"end":{"line":null,"column":-1}},"5":{"start":{"line":8,"column":0},"end":{"line":null,"column":-1}},"6":{"start":{"line":13,"column":8},"end":{"line":null,"column":-1}},"7":{"start":{"line":17,"column":8},"end":{"line":null,"column":-1}},"8":{"start":{"line":27,"column":24},"end":{"line":27,"column":0}},"9":{"start":{"line":28,"column":4},"end":{"line":null,"column":-1}}},"fnMap":{"0":{"name":"mapStateToProps","decl":{"start":{"line":27,"column":6},"end":{"line":27,"column":24}},"loc":{"start":{"line":27,"column":35},"end":{"line":27,"column":0}}}},"branchMap":{},"s":{"0":0,"1":0,"2":0,"3":0,"4":0,"5":0,"6":0,"7":0,"8":0,"9":0},"f":{"0":0},"b":{}}
,"C:\\Users\\KenyonL\\Web Development\\Projects\\tech test refactor\\louis-react-tech-test\\src\\app\\containers\\notes\\NoteCreate\\index.jsx": {"path":"C:\\Users\\KenyonL\\Web Development\\Projects\\tech test refactor\\louis-react-tech-test\\src\\app\\containers\\notes\\NoteCreate\\index.jsx","statementMap":{"0":{"start":{"line":1,"column":0},"end":{"line":null,"column":-1}},"1":{"start":{"line":2,"column":0},"end":{"line":null,"column":-1}},"2":{"start":{"line":3,"column":0},"end":{"line":null,"column":-1}},"3":{"start":{"line":4,"column":0},"end":{"line":null,"column":-1}},"4":{"start":{"line":5,"column":0},"end":{"line":null,"column":-1}},"5":{"start":{"line":9,"column":23},"end":{"line":null,"column":-1}},"6":{"start":{"line":11,"column":8},"end":{"line":null,"column":-1}},"7":{"start":{"line":15,"column":8},"end":{"line":null,"column":-1}},"8":{"start":{"line":19,"column":8},"end":{"line":null,"column":-1}}},"fnMap":{"0":{"name":"NoteCreateContainer","decl":{"start":{"line":9,"column":4},"end":{"line":9,"column":15}},"loc":{"start":{"line":9,"column":23},"end":{"line":12,"column":5}}}},"branchMap":{"0":{"loc":{"start":{"line":9,"column":23},"end":{"line":10,"column":13}},"type":"binary-expr","locations":[{"start":{"line":9,"column":23},"end":{"line":10,"column":13}},{"start":{"line":9,"column":23},"end":{"line":10,"column":13}}]}},"s":{"0":0,"1":0,"2":0,"3":0,"4":0,"5":0,"6":0,"7":0,"8":0},"f":{"0":0},"b":{"0":[0,0]}}
,"C:\\Users\\KenyonL\\Web Development\\Projects\\tech test refactor\\louis-react-tech-test\\src\\app\\containers\\notes\\NoteEdit\\index.jsx": {"path":"C:\\Users\\KenyonL\\Web Development\\Projects\\tech test refactor\\louis-react-tech-test\\src\\app\\containers\\notes\\NoteEdit\\index.jsx","statementMap":{"0":{"start":{"line":1,"column":0},"end":{"line":null,"column":-1}},"1":{"start":{"line":2,"column":0},"end":{"line":null,"column":-1}},"2":{"start":{"line":3,"column":0},"end":{"line":null,"column":-1}},"3":{"start":{"line":4,"column":0},"end":{"line":null,"column":-1}},"4":{"start":{"line":5,"column":0},"end":{"line":null,"column":-1}},"5":{"start":{"line":6,"column":0},"end":{"line":null,"column":-1}},"6":{"start":{"line":9,"column":23},"end":{"line":null,"column":-1}},"7":{"start":{"line":11,"column":8},"end":{"line":null,"column":-1}},"8":{"start":{"line":15,"column":8},"end":{"line":null,"column":-1}},"9":{"start":{"line":19,"column":8},"end":{"line":null,"column":-1}},"10":{"start":{"line":23,"column":8},"end":{"line":null,"column":-1}},"11":{"start":{"line":36,"column":0},"end":{"line":null,"column":-1}},"12":{"start":{"line":41,"column":24},"end":{"line":41,"column":0}},"13":{"start":{"line":42,"column":4},"end":{"line":null,"column":-1}}},"fnMap":{"0":{"name":"NoteEditContainer","decl":{"start":{"line":9,"column":4},"end":{"line":9,"column":15}},"loc":{"start":{"line":9,"column":23},"end":{"line":12,"column":5}}},"1":{"name":"mapStateToProps","decl":{"start":{"line":41,"column":6},"end":{"line":41,"column":24}},"loc":{"start":{"line":41,"column":35},"end":{"line":41,"column":0}}}},"branchMap":{"0":{"loc":{"start":{"line":9,"column":23},"end":{"line":10,"column":13}},"type":"binary-expr","locations":[{"start":{"line":9,"column":23},"end":{"line":10,"column":13}},{"start":{"line":9,"column":23},"end":{"line":10,"column":13}}]}},"s":{"0":0,"1":0,"2":0,"3":0,"4":0,"5":0,"6":0,"7":0,"8":0,"9":0,"10":0,"11":0,"12":0,"13":0},"f":{"0":0,"1":0},"b":{"0":[0,0]}}
,"C:\\Users\\KenyonL\\Web Development\\Projects\\tech test refactor\\louis-react-tech-test\\src\\app\\containers\\notes\\NoteForm\\index.jsx": {"path":"C:\\Users\\KenyonL\\Web Development\\Projects\\tech test refactor\\louis-react-tech-test\\src\\app\\containers\\notes\\NoteForm\\index.jsx","statementMap":{"0":{"start":{"line":1,"column":0},"end":{"line":null,"column":-1}},"1":{"start":{"line":2,"column":0},"end":{"line":null,"column":-1}},"2":{"start":{"line":3,"column":0},"end":{"line":null,"column":-1}},"3":{"start":{"line":5,"column":0},"end":{"line":null,"column":-1}},"4":{"start":{"line":6,"column":0},"end":{"line":null,"column":-1}},"5":{"start":{"line":9,"column":23},"end":{"line":null,"column":-1}},"6":{"start":{"line":11,"column":8},"end":{"line":null,"column":-1}},"7":{"start":{"line":15,"column":8},"end":{"line":null,"column":-1}},"8":{"start":{"line":19,"column":8},"end":{"line":null,"column":-1}},"9":{"start":{"line":41,"column":13},"end":{"line":41,"column":7}},"10":{"start":{"line":42,"column":19},"end":{"line":42,"column":4}},"11":{"start":{"line":43,"column":4},"end":{"line":45,"column":5}},"12":{"start":{"line":44,"column":8},"end":{"line":null,"column":-1}},"13":{"start":{"line":46,"column":4},"end":{"line":48,"column":5}},"14":{"start":{"line":47,"column":8},"end":{"line":null,"column":-1}},"15":{"start":{"line":49,"column":4},"end":{"line":null,"column":-1}}},"fnMap":{"0":{"name":"NoteFormContainer","decl":{"start":{"line":9,"column":4},"end":{"line":9,"column":15}},"loc":{"start":{"line":9,"column":23},"end":{"line":12,"column":5}}},"1":{"name":"validate","decl":{"start":{"line":41,"column":13},"end":{"line":41,"column":24}},"loc":{"start":{"line":41,"column":40},"end":{"line":41,"column":7}}}},"branchMap":{"0":{"loc":{"start":{"line":9,"column":23},"end":{"line":10,"column":13}},"type":"binary-expr","locations":[{"start":{"line":9,"column":23},"end":{"line":10,"column":13}},{"start":{"line":9,"column":23},"end":{"line":10,"column":13}}]},"1":{"loc":{"start":{"line":43,"column":4},"end":{"line":45,"column":5}},"type":"if","locations":[{"start":{"line":43,"column":4},"end":{"line":45,"column":5}},{"start":{"line":43,"column":4},"end":{"line":45,"column":5}}]},"2":{"loc":{"start":{"line":46,"column":4},"end":{"line":48,"column":5}},"type":"if","locations":[{"start":{"line":46,"column":4},"end":{"line":48,"column":5}},{"start":{"line":46,"column":4},"end":{"line":48,"column":5}}]}},"s":{"0":0,"1":0,"2":0,"3":0,"4":0,"5":0,"6":0,"7":0,"8":0,"9":0,"10":0,"11":0,"12":0,"13":0,"14":0,"15":0},"f":{"0":0,"1":0},"b":{"0":[0,0],"1":[0,0],"2":[0,0]}}
,"C:\\Users\\KenyonL\\Web Development\\Projects\\tech test refactor\\louis-react-tech-test\\src\\app\\reducers\\index.js": {"path":"C:\\Users\\KenyonL\\Web Development\\Projects\\tech test refactor\\louis-react-tech-test\\src\\app\\reducers\\index.js","statementMap":{"0":{"start":{"line":1,"column":0},"end":{"line":null,"column":-1}},"1":{"start":{"line":2,"column":0},"end":{"line":null,"column":-1}},"2":{"start":{"line":3,"column":0},"end":{"line":null,"column":-1}},"3":{"start":{"line":4,"column":0},"end":{"line":null,"column":-1}}},"fnMap":{},"branchMap":{},"s":{"0":0,"1":0,"2":0,"3":0},"f":{},"b":{}}
,"C:\\Users\\KenyonL\\Web Development\\Projects\\tech test refactor\\louis-react-tech-test\\src\\app\\reducers\\common\\index.js": {"path":"C:\\Users\\KenyonL\\Web Development\\Projects\\tech test refactor\\louis-react-tech-test\\src\\app\\reducers\\common\\index.js","statementMap":{"0":{"start":{"line":1,"column":0},"end":{"line":null,"column":-1}},"1":{"start":{"line":2,"column":0},"end":{"line":null,"column":-1}}},"fnMap":{},"branchMap":{},"s":{"0":0,"1":0},"f":{},"b":{}}
,"C:\\Users\\KenyonL\\Web Development\\Projects\\tech test refactor\\louis-react-tech-test\\src\\app\\reducers\\common\\modal.reducer.js": {"path":"C:\\Users\\KenyonL\\Web Development\\Projects\\tech test refactor\\louis-react-tech-test\\src\\app\\reducers\\common\\modal.reducer.js","statementMap":{"0":{"start":{"line":1,"column":0},"end":{"line":null,"column":-1}},"1":{"start":{"line":7,"column":21},"end":{"line":7,"column":0}},"2":{"start":{"line":13,"column":49},"end":{"line":13,"column":48}},"3":{"start":{"line":13,"column":49},"end":{"line":null,"column":-1}},"4":{"start":{"line":14,"column":4},"end":{"line":null,"column":-1}},"5":{"start":{"line":16,"column":12},"end":{"line":null,"column":-1}},"6":{"start":{"line":22,"column":12},"end":{"line":null,"column":-1}},"7":{"start":{"line":29,"column":12},"end":{"line":null,"column":-1}},"8":{"start":{"line":31,"column":12},"end":{"line":null,"column":-1}}},"fnMap":{},"branchMap":{"0":{"loc":{"start":{"line":13,"column":49},"end":{"line":13,"column":23}},"type":"cond-expr","locations":[{"start":{"line":13,"column":49},"end":{"line":13,"column":23}},{"start":{"line":13,"column":24},"end":{"line":13,"column":49}}]},"1":{"loc":{"start":{"line":13,"column":49},"end":{"line":13,"column":23}},"type":"binary-expr","locations":[{"start":{"line":13,"column":49},"end":{"line":13,"column":23}},{"start":{"line":13,"column":49},"end":{"line":13,"column":23}}]},"2":{"loc":{"start":{"line":15,"column":8},"end":{"line":16,"column":12}},"type":"switch","locations":[{"start":{"line":15,"column":8},"end":{"line":16,"column":12}},{"start":{"line":21,"column":8},"end":{"line":22,"column":12}},{"start":{"line":28,"column":8},"end":{"line":29,"column":12}},{"start":{"line":30,"column":8},"end":{"line":31,"column":12}}]}},"s":{"0":0,"1":0,"2":0,"3":0,"4":0,"5":0,"6":0,"7":0,"8":0},"f":{},"b":{"0":[0,0],"1":[0,0],"2":[0,0,0,0]}}
,"C:\\Users\\KenyonL\\Web Development\\Projects\\tech test refactor\\louis-react-tech-test\\src\\app\\reducers\\note\\note.reducer.js": {"path":"C:\\Users\\KenyonL\\Web Development\\Projects\\tech test refactor\\louis-react-tech-test\\src\\app\\reducers\\note\\note.reducer.js","statementMap":{"0":{"start":{"line":1,"column":0},"end":{"line":null,"column":-1}},"1":{"start":{"line":6,"column":0},"end":{"line":null,"column":-1}},"2":{"start":{"line":8,"column":21},"end":{"line":8,"column":0}},"3":{"start":{"line":14,"column":49},"end":{"line":14,"column":48}},"4":{"start":{"line":14,"column":49},"end":{"line":null,"column":-1}},"5":{"start":{"line":15,"column":4},"end":{"line":null,"column":-1}},"6":{"start":{"line":17,"column":12},"end":{"line":null,"column":-1}},"7":{"start":{"line":19,"column":12},"end":{"line":null,"column":-1}},"8":{"start":{"line":21,"column":12},"end":{"line":null,"column":-1}},"9":{"start":{"line":23,"column":12},"end":{"line":null,"column":-1}}},"fnMap":{},"branchMap":{"0":{"loc":{"start":{"line":14,"column":49},"end":{"line":14,"column":23}},"type":"cond-expr","locations":[{"start":{"line":14,"column":49},"end":{"line":14,"column":23}},{"start":{"line":14,"column":24},"end":{"line":14,"column":49}}]},"1":{"loc":{"start":{"line":14,"column":49},"end":{"line":14,"column":23}},"type":"binary-expr","locations":[{"start":{"line":14,"column":49},"end":{"line":14,"column":23}},{"start":{"line":14,"column":49},"end":{"line":14,"column":23}}]},"2":{"loc":{"start":{"line":16,"column":8},"end":{"line":17,"column":12}},"type":"switch","locations":[{"start":{"line":16,"column":8},"end":{"line":17,"column":12}},{"start":{"line":18,"column":8},"end":{"line":19,"column":12}},{"start":{"line":20,"column":8},"end":{"line":21,"column":12}},{"start":{"line":22,"column":8},"end":{"line":23,"column":12}}]}},"s":{"0":0,"1":0,"2":0,"3":0,"4":0,"5":0,"6":0,"7":0,"8":0,"9":0},"f":{},"b":{"0":[0,0],"1":[0,0],"2":[0,0,0,0]}}
,"C:\\Users\\KenyonL\\Web Development\\Projects\\tech test refactor\\louis-react-tech-test\\src\\app\\routes\\index.jsx": {"path":"C:\\Users\\KenyonL\\Web Development\\Projects\\tech test refactor\\louis-react-tech-test\\src\\app\\routes\\index.jsx","statementMap":{"0":{"start":{"line":1,"column":0},"end":{"line":null,"column":-1}},"1":{"start":{"line":2,"column":0},"end":{"line":null,"column":-1}},"2":{"start":{"line":3,"column":0},"end":{"line":null,"column":-1}},"3":{"start":{"line":4,"column":0},"end":{"line":null,"column":-1}},"4":{"start":{"line":6,"column":0},"end":{"line":null,"column":-1}},"5":{"start":{"line":7,"column":0},"end":{"line":null,"column":-1}},"6":{"start":{"line":8,"column":0},"end":{"line":null,"column":-1}},"7":{"start":{"line":12,"column":8},"end":{"line":null,"column":-1}}},"fnMap":{},"branchMap":{},"s":{"0":0,"1":0,"2":0,"3":0,"4":0,"5":0,"6":0,"7":0},"f":{},"b":{}}
,"C:\\Users\\KenyonL\\Web Development\\Projects\\tech test refactor\\louis-react-tech-test\\src\\app\\selectors\\note\\note.selector.js": {"path":"C:\\Users\\KenyonL\\Web Development\\Projects\\tech test refactor\\louis-react-tech-test\\src\\app\\selectors\\note\\note.selector.js","statementMap":{"0":{"start":{"line":1,"column":0},"end":{"line":null,"column":-1}},"1":{"start":{"line":4,"column":25},"end":{"line":4,"column":0}},"2":{"start":{"line":4,"column":25},"end":{"line":null,"column":-1}},"3":{"start":{"line":5,"column":30},"end":{"line":5,"column":0}},"4":{"start":{"line":5,"column":30},"end":{"line":null,"column":-1}},"5":{"start":{"line":7,"column":13},"end":{"line":7,"column":7}},"6":{"start":{"line":11,"column":20},"end":{"line":11,"column":8}},"7":{"start":{"line":12,"column":8},"end":{"line":14,"column":9}},"8":{"start":{"line":13,"column":12},"end":{"line":null,"column":-1}},"9":{"start":{"line":13,"column":34},"end":{"line":null,"column":-1}},"10":{"start":{"line":15,"column":8},"end":{"line":null,"column":-1}}},"fnMap":{"0":{"name":"noteDataSelector","decl":{"start":{"line":4,"column":6},"end":{"line":4,"column":25}},"loc":{"start":{"line":4,"column":25},"end":{"line":4,"column":0}}},"1":{"name":"filterOptionsSelector","decl":{"start":{"line":5,"column":6},"end":{"line":5,"column":30}},"loc":{"start":{"line":5,"column":30},"end":{"line":5,"column":0}}},"2":{"name":"(anonymous_3)","decl":{"start":{"line":10,"column":4},"end":{"line":10,"column":4}},"loc":{"start":{"line":10,"column":37},"end":{"line":7,"column":35}}},"3":{"name":"(anonymous_4)","decl":{"start":{"line":13,"column":34},"end":{"line":13,"column":34}},"loc":{"start":{"line":13,"column":34},"end":{"line":13,"column":20}}}},"branchMap":{"0":{"loc":{"start":{"line":12,"column":8},"end":{"line":14,"column":9}},"type":"if","locations":[{"start":{"line":12,"column":8},"end":{"line":14,"column":9}},{"start":{"line":12,"column":8},"end":{"line":14,"column":9}}]}},"s":{"0":0,"1":0,"2":0,"3":0,"4":0,"5":0,"6":0,"7":0,"8":0,"9":0,"10":0},"f":{"0":0,"1":0,"2":0,"3":0},"b":{"0":[0,0]}}
}
