{"C:\\Users\\KenyonL\\Web Development\\Projects\\tech test refactor\\louis-react-tech-test\\src\\app\\App.jsx": {"path":"C:\\Users\\KenyonL\\Web Development\\Projects\\tech test refactor\\louis-react-tech-test\\src\\app\\App.jsx","statementMap":{"0":{"start":{"line":1,"column":0},"end":{"line":null,"column":-1}},"1":{"start":{"line":2,"column":0},"end":{"line":null,"column":-1}},"2":{"start":{"line":3,"column":0},"end":{"line":null,"column":-1}},"3":{"start":{"line":10,"column":8},"end":{"line":null,"column":-1}}},"fnMap":{},"branchMap":{},"s":{"0":0,"1":0,"2":0,"3":0},"f":{},"b":{}}
,"C:\\Users\\KenyonL\\Web Development\\Projects\\tech test refactor\\louis-react-tech-test\\src\\app\\history.js": {"path":"C:\\Users\\KenyonL\\Web Development\\Projects\\tech test refactor\\louis-react-tech-test\\src\\app\\history.js","statementMap":{},"fnMap":{},"branchMap":{},"s":{},"f":{},"b":{},"_coverageSchema":"332fd63041d2c1bcb487cc26dd0d5f7d97098a6c","hash":"4b99d2dde543037fe914cad8d8b6c596a2e6f172"}
,"C:\\Users\\KenyonL\\Web Development\\Projects\\tech test refactor\\louis-react-tech-test\\src\\app\\index.js": {"path":"C:\\Users\\KenyonL\\Web Development\\Projects\\tech test refactor\\louis-react-tech-test\\src\\app\\index.js","statementMap":{"0":{"start":{"line":1,"column":0},"end":{"line":null,"column":-1}},"1":{"start":{"line":2,"column":0},"end":{"line":null,"column":-1}},"2":{"start":{"line":3,"column":0},"end":{"line":null,"column":-1}},"3":{"start":{"line":5,"column":0},"end":{"line":null,"column":-1}},"4":{"start":{"line":6,"column":0},"end":{"line":null,"column":-1}},"5":{"start":{"line":8,"column":0},"end":{"line":null,"column":-1}},"6":{"start":{"line":9,"column":0},"end":{"line":null,"column":-1}}},"fnMap":{},"branchMap":{},"s":{"0":0,"1":0,"2":0,"3":0,"4":0,"5":0,"6":0},"f":{},"b":{}}
,"C:\\Users\\KenyonL\\Web Development\\Projects\\tech test refactor\\louis-react-tech-test\\src\\app\\store.js": {"path":"C:\\Users\\KenyonL\\Web Development\\Projects\\tech test refactor\\louis-react-tech-test\\src\\app\\store.js","statementMap":{"0":{"start":{"line":1,"column":0},"end":{"line":null,"column":-1}},"1":{"start":{"line":2,"column":0},"end":{"line":null,"column":-1}},"2":{"start":{"line":4,"column":0},"end":{"line":null,"column":-1}},"3":{"start":{"line":7,"column":25},"end":{"line":7,"column":0}},"4":{"start":{"line":10,"column":14},"end":{"line":10,"column":0}}},"fnMap":{},"branchMap":{"0":{"loc":{"start":{"line":7,"column":25},"end":{"line":7,"column":24}},"type":"binary-expr","locations":[{"start":{"line":7,"column":25},"end":{"line":7,"column":24}},{"start":{"line":7,"column":72},"end":{"line":7,"column":0}}]}},"s":{"0":0,"1":0,"2":0,"3":0,"4":0},"f":{},"b":{"0":[0,0]}}
,"C:\\Users\\KenyonL\\Web Development\\Projects\\tech test refactor\\louis-react-tech-test\\src\\app\\actions\\types.js": {"path":"C:\\Users\\KenyonL\\Web Development\\Projects\\tech test refactor\\louis-react-tech-test\\src\\app\\actions\\types.js","statementMap":{"0":{"start":{"line":3,"column":25},"end":{"line":3,"column":36}},"1":{"start":{"line":4,"column":24},"end":{"line":4,"column":34}},"2":{"start":{"line":5,"column":33},"end":{"line":5,"column":52}},"3":{"start":{"line":6,"column":39},"end":{"line":6,"column":64}},"4":{"start":{"line":7,"column":37},"end":{"line":7,"column":60}},"5":{"start":{"line":8,"column":27},"end":{"line":8,"column":40}}},"fnMap":{},"branchMap":{},"s":{"0":14,"1":14,"2":14,"3":14,"4":14,"5":14},"f":{},"b":{},"_coverageSchema":"332fd63041d2c1bcb487cc26dd0d5f7d97098a6c","hash":"d2ec8b87448f5270b60946349f29d1d34d5daff5"}
,"C:\\Users\\KenyonL\\Web Development\\Projects\\tech test refactor\\louis-react-tech-test\\src\\app\\actions\\common\\modal.action.js": {"path":"C:\\Users\\KenyonL\\Web Development\\Projects\\tech test refactor\\louis-react-tech-test\\src\\app\\actions\\common\\modal.action.js","statementMap":{"0":{"start":{"line":9,"column":32},"end":{"line":15,"column":2}},"1":{"start":{"line":9,"column":46},"end":{"line":15,"column":1}},"2":{"start":{"line":17,"column":29},"end":{"line":23,"column":2}},"3":{"start":{"line":17,"column":43},"end":{"line":23,"column":1}},"4":{"start":{"line":25,"column":47},"end":{"line":39,"column":1}},"5":{"start":{"line":25,"column":55},"end":{"line":39,"column":1}},"6":{"start":{"line":26,"column":4},"end":{"line":38,"column":5}},"7":{"start":{"line":31,"column":32},"end":{"line":31,"column":60}},"8":{"start":{"line":41,"column":37},"end":{"line":44,"column":2}},"9":{"start":{"line":41,"column":51},"end":{"line":44,"column":1}},"10":{"start":{"line":46,"column":26},"end":{"line":48,"column":2}},"11":{"start":{"line":46,"column":33},"end":{"line":48,"column":1}}},"fnMap":{"0":{"name":"(anonymous_0)","decl":{"start":{"line":9,"column":32},"end":{"line":9,"column":33}},"loc":{"start":{"line":9,"column":46},"end":{"line":15,"column":1}},"line":9},"1":{"name":"(anonymous_1)","decl":{"start":{"line":17,"column":29},"end":{"line":17,"column":30}},"loc":{"start":{"line":17,"column":43},"end":{"line":23,"column":1}},"line":17},"2":{"name":"(anonymous_2)","decl":{"start":{"line":25,"column":47},"end":{"line":25,"column":48}},"loc":{"start":{"line":25,"column":55},"end":{"line":39,"column":1}},"line":25},"3":{"name":"(anonymous_3)","decl":{"start":{"line":25,"column":55},"end":{"line":25,"column":56}},"loc":{"start":{"line":25,"column":67},"end":{"line":39,"column":1}},"line":25},"4":{"name":"(anonymous_4)","decl":{"start":{"line":31,"column":26},"end":{"line":31,"column":27}},"loc":{"start":{"line":31,"column":32},"end":{"line":31,"column":60}},"line":31},"5":{"name":"(anonymous_5)","decl":{"start":{"line":41,"column":37},"end":{"line":41,"column":38}},"loc":{"start":{"line":41,"column":51},"end":{"line":44,"column":1}},"line":41},"6":{"name":"(anonymous_6)","decl":{"start":{"line":46,"column":26},"end":{"line":46,"column":27}},"loc":{"start":{"line":46,"column":33},"end":{"line":48,"column":1}},"line":46}},"branchMap":{},"s":{"0":8,"1":1,"2":8,"3":1,"4":8,"5":1,"6":1,"7":0,"8":8,"9":1,"10":8,"11":0},"f":{"0":1,"1":1,"2":1,"3":1,"4":0,"5":1,"6":0},"b":{},"_coverageSchema":"332fd63041d2c1bcb487cc26dd0d5f7d97098a6c","hash":"fac84b29f74a3a1e0ad8d5f451820544d4d24e4f"}
,"C:\\Users\\KenyonL\\Web Development\\Projects\\tech test refactor\\louis-react-tech-test\\src\\app\\actions\\filterValues\\index.actions.js": {"path":"C:\\Users\\KenyonL\\Web Development\\Projects\\tech test refactor\\louis-react-tech-test\\src\\app\\actions\\filterValues\\index.actions.js","statementMap":{"0":{"start":{"line":3,"column":35},"end":{"line":6,"column":2}},"1":{"start":{"line":3,"column":47},"end":{"line":6,"column":1}}},"fnMap":{"0":{"name":"(anonymous_0)","decl":{"start":{"line":3,"column":35},"end":{"line":3,"column":36}},"loc":{"start":{"line":3,"column":47},"end":{"line":6,"column":1}},"line":3}},"branchMap":{},"s":{"0":4,"1":1},"f":{"0":1},"b":{},"_coverageSchema":"332fd63041d2c1bcb487cc26dd0d5f7d97098a6c","hash":"0b6ac3cf15bdfec68478dd3a512f70d13e9ef740"}
,"C:\\Users\\KenyonL\\Web Development\\Projects\\tech test refactor\\louis-react-tech-test\\src\\app\\actions\\note\\notes.action.js": {"path":"C:\\Users\\KenyonL\\Web Development\\Projects\\tech test refactor\\louis-react-tech-test\\src\\app\\actions\\note\\notes.action.js","statementMap":{"0":{"start":{"line":24,"column":24},"end":{"line":41,"column":1}},"1":{"start":{"line":24,"column":30},"end":{"line":41,"column":1}},"2":{"start":{"line":25,"column":4},"end":{"line":25,"column":28}},"3":{"start":{"line":26,"column":4},"end":{"line":40,"column":10}},"4":{"start":{"line":28,"column":12},"end":{"line":28,"column":32}},"5":{"start":{"line":29,"column":12},"end":{"line":32,"column":15}},"6":{"start":{"line":35,"column":12},"end":{"line":35,"column":33}},"7":{"start":{"line":36,"column":12},"end":{"line":39,"column":15}},"8":{"start":{"line":44,"column":23},"end":{"line":61,"column":1}},"9":{"start":{"line":44,"column":31},"end":{"line":61,"column":1}},"10":{"start":{"line":45,"column":4},"end":{"line":60,"column":10}},"11":{"start":{"line":47,"column":12},"end":{"line":47,"column":33}},"12":{"start":{"line":48,"column":12},"end":{"line":48,"column":33}},"13":{"start":{"line":49,"column":12},"end":{"line":52,"column":14}},"14":{"start":{"line":55,"column":12},"end":{"line":55,"column":30}},"15":{"start":{"line":57,"column":12},"end":{"line":59,"column":15}},"16":{"start":{"line":63,"column":24},"end":{"line":83,"column":1}},"17":{"start":{"line":63,"column":44},"end":{"line":83,"column":1}},"18":{"start":{"line":64,"column":4},"end":{"line":80,"column":11}},"19":{"start":{"line":66,"column":12},"end":{"line":68,"column":13}},"20":{"start":{"line":67,"column":16},"end":{"line":67,"column":27}},"21":{"start":{"line":69,"column":12},"end":{"line":72,"column":16}},"22":{"start":{"line":73,"column":12},"end":{"line":73,"column":30}},"23":{"start":{"line":76,"column":12},"end":{"line":78,"column":16}},"24":{"start":{"line":79,"column":12},"end":{"line":79,"column":30}},"25":{"start":{"line":84,"column":25},"end":{"line":105,"column":1}},"26":{"start":{"line":84,"column":45},"end":{"line":105,"column":1}},"27":{"start":{"line":85,"column":4},"end":{"line":102,"column":10}},"28":{"start":{"line":87,"column":12},"end":{"line":89,"column":13}},"29":{"start":{"line":88,"column":16},"end":{"line":88,"column":27}},"30":{"start":{"line":90,"column":12},"end":{"line":93,"column":16}},"31":{"start":{"line":94,"column":12},"end":{"line":94,"column":30}},"32":{"start":{"line":97,"column":12},"end":{"line":100,"column":16}},"33":{"start":{"line":101,"column":12},"end":{"line":101,"column":30}},"34":{"start":{"line":107,"column":26},"end":{"line":120,"column":1}},"35":{"start":{"line":107,"column":44},"end":{"line":120,"column":1}},"36":{"start":{"line":108,"column":4},"end":{"line":119,"column":10}},"37":{"start":{"line":110,"column":12},"end":{"line":112,"column":13}},"38":{"start":{"line":111,"column":16},"end":{"line":111,"column":27}},"39":{"start":{"line":115,"column":12},"end":{"line":118,"column":15}},"40":{"start":{"line":122,"column":30},"end":{"line":127,"column":1}},"41":{"start":{"line":122,"column":38},"end":{"line":127,"column":1}},"42":{"start":{"line":123,"column":4},"end":{"line":126,"column":8}},"43":{"start":{"line":124,"column":8},"end":{"line":124,"column":29}},"44":{"start":{"line":125,"column":8},"end":{"line":125,"column":31}}},"fnMap":{"0":{"name":"(anonymous_0)","decl":{"start":{"line":24,"column":24},"end":{"line":24,"column":25}},"loc":{"start":{"line":24,"column":30},"end":{"line":41,"column":1}},"line":24},"1":{"name":"(anonymous_1)","decl":{"start":{"line":24,"column":30},"end":{"line":24,"column":31}},"loc":{"start":{"line":24,"column":42},"end":{"line":41,"column":1}},"line":24},"2":{"name":"(anonymous_2)","decl":{"start":{"line":27,"column":14},"end":{"line":27,"column":15}},"loc":{"start":{"line":27,"column":28},"end":{"line":33,"column":9}},"line":27},"3":{"name":"(anonymous_3)","decl":{"start":{"line":34,"column":15},"end":{"line":34,"column":16}},"loc":{"start":{"line":34,"column":21},"end":{"line":40,"column":9}},"line":34},"4":{"name":"(anonymous_4)","decl":{"start":{"line":44,"column":23},"end":{"line":44,"column":24}},"loc":{"start":{"line":44,"column":31},"end":{"line":61,"column":1}},"line":44},"5":{"name":"(anonymous_5)","decl":{"start":{"line":44,"column":31},"end":{"line":44,"column":32}},"loc":{"start":{"line":44,"column":43},"end":{"line":61,"column":1}},"line":44},"6":{"name":"(anonymous_6)","decl":{"start":{"line":46,"column":14},"end":{"line":46,"column":15}},"loc":{"start":{"line":46,"column":28},"end":{"line":53,"column":9}},"line":46},"7":{"name":"(anonymous_7)","decl":{"start":{"line":54,"column":15},"end":{"line":54,"column":16}},"loc":{"start":{"line":54,"column":21},"end":{"line":60,"column":9}},"line":54},"8":{"name":"(anonymous_8)","decl":{"start":{"line":63,"column":24},"end":{"line":63,"column":25}},"loc":{"start":{"line":63,"column":44},"end":{"line":83,"column":1}},"line":63},"9":{"name":"(anonymous_9)","decl":{"start":{"line":63,"column":44},"end":{"line":63,"column":45}},"loc":{"start":{"line":63,"column":56},"end":{"line":83,"column":1}},"line":63},"10":{"name":"(anonymous_10)","decl":{"start":{"line":65,"column":14},"end":{"line":65,"column":15}},"loc":{"start":{"line":65,"column":20},"end":{"line":74,"column":9}},"line":65},"11":{"name":"(anonymous_11)","decl":{"start":{"line":75,"column":15},"end":{"line":75,"column":16}},"loc":{"start":{"line":75,"column":21},"end":{"line":80,"column":9}},"line":75},"12":{"name":"(anonymous_12)","decl":{"start":{"line":84,"column":25},"end":{"line":84,"column":26}},"loc":{"start":{"line":84,"column":45},"end":{"line":105,"column":1}},"line":84},"13":{"name":"(anonymous_13)","decl":{"start":{"line":84,"column":45},"end":{"line":84,"column":46}},"loc":{"start":{"line":84,"column":57},"end":{"line":105,"column":1}},"line":84},"14":{"name":"(anonymous_14)","decl":{"start":{"line":86,"column":14},"end":{"line":86,"column":15}},"loc":{"start":{"line":86,"column":20},"end":{"line":95,"column":9}},"line":86},"15":{"name":"(anonymous_15)","decl":{"start":{"line":96,"column":15},"end":{"line":96,"column":16}},"loc":{"start":{"line":96,"column":21},"end":{"line":102,"column":9}},"line":96},"16":{"name":"(anonymous_16)","decl":{"start":{"line":107,"column":26},"end":{"line":107,"column":27}},"loc":{"start":{"line":107,"column":44},"end":{"line":120,"column":1}},"line":107},"17":{"name":"(anonymous_17)","decl":{"start":{"line":107,"column":44},"end":{"line":107,"column":45}},"loc":{"start":{"line":107,"column":56},"end":{"line":120,"column":1}},"line":107},"18":{"name":"(anonymous_18)","decl":{"start":{"line":109,"column":14},"end":{"line":109,"column":15}},"loc":{"start":{"line":109,"column":20},"end":{"line":113,"column":9}},"line":109},"19":{"name":"(anonymous_19)","decl":{"start":{"line":114,"column":15},"end":{"line":114,"column":16}},"loc":{"start":{"line":114,"column":21},"end":{"line":119,"column":9}},"line":114},"20":{"name":"(anonymous_20)","decl":{"start":{"line":122,"column":30},"end":{"line":122,"column":31}},"loc":{"start":{"line":122,"column":38},"end":{"line":127,"column":1}},"line":122},"21":{"name":"(anonymous_21)","decl":{"start":{"line":122,"column":38},"end":{"line":122,"column":39}},"loc":{"start":{"line":122,"column":50},"end":{"line":127,"column":1}},"line":122},"22":{"name":"(anonymous_22)","decl":{"start":{"line":123,"column":28},"end":{"line":123,"column":29}},"loc":{"start":{"line":123,"column":34},"end":{"line":126,"column":5}},"line":123}},"branchMap":{"0":{"loc":{"start":{"line":66,"column":12},"end":{"line":68,"column":13}},"type":"if","locations":[{"start":{"line":66,"column":12},"end":{"line":68,"column":13}},{"start":{"line":66,"column":12},"end":{"line":68,"column":13}}],"line":66},"1":{"loc":{"start":{"line":87,"column":12},"end":{"line":89,"column":13}},"type":"if","locations":[{"start":{"line":87,"column":12},"end":{"line":89,"column":13}},{"start":{"line":87,"column":12},"end":{"line":89,"column":13}}],"line":87},"2":{"loc":{"start":{"line":110,"column":12},"end":{"line":112,"column":13}},"type":"if","locations":[{"start":{"line":110,"column":12},"end":{"line":112,"column":13}},{"start":{"line":110,"column":12},"end":{"line":112,"column":13}}],"line":110}},"s":{"0":9,"1":3,"2":3,"3":3,"4":1,"5":1,"6":1,"7":1,"8":9,"9":2,"10":2,"11":1,"12":1,"13":1,"14":1,"15":1,"16":9,"17":2,"18":2,"19":1,"20":1,"21":1,"22":1,"23":1,"24":1,"25":9,"26":2,"27":2,"28":1,"29":1,"30":1,"31":1,"32":1,"33":1,"34":9,"35":2,"36":2,"37":1,"38":1,"39":1,"40":9,"41":0,"42":0,"43":0,"44":0},"f":{"0":3,"1":3,"2":1,"3":1,"4":2,"5":2,"6":1,"7":1,"8":2,"9":2,"10":1,"11":1,"12":2,"13":2,"14":1,"15":1,"16":2,"17":2,"18":1,"19":1,"20":0,"21":0,"22":0},"b":{"0":[1,0],"1":[1,0],"2":[1,0]},"_coverageSchema":"332fd63041d2c1bcb487cc26dd0d5f7d97098a6c","hash":"6f86605b91f939b3595fd343e54693600bff6671"}
,"C:\\Users\\KenyonL\\Web Development\\Projects\\tech test refactor\\louis-react-tech-test\\src\\app\\components\\common\\Modal\\ConfirmationMessage.jsx": {"path":"C:\\Users\\KenyonL\\Web Development\\Projects\\tech test refactor\\louis-react-tech-test\\src\\app\\components\\common\\Modal\\ConfirmationMessage.jsx","statementMap":{"0":{"start":{"line":6,"column":8},"end":{"line":14,"column":9}}},"fnMap":{"0":{"name":"(anonymous_0)","decl":{"start":{"line":5,"column":4},"end":{"line":5,"column":5}},"loc":{"start":{"line":5,"column":13},"end":{"line":15,"column":5}},"line":5}},"branchMap":{},"s":{"0":3},"f":{"0":3},"b":{},"_coverageSchema":"332fd63041d2c1bcb487cc26dd0d5f7d97098a6c","hash":"350fcf2bb70956746e8af55496ffcdfc4424c093"}
,"C:\\Users\\KenyonL\\Web Development\\Projects\\tech test refactor\\louis-react-tech-test\\src\\app\\components\\common\\Modal\\Modal.jsx": {"path":"C:\\Users\\KenyonL\\Web Development\\Projects\\tech test refactor\\louis-react-tech-test\\src\\app\\components\\common\\Modal\\Modal.jsx","statementMap":{"0":{"start":{"line":6,"column":33},"end":{"line":6,"column":43}},"1":{"start":{"line":7,"column":8},"end":{"line":20,"column":9}},"2":{"start":{"line":8,"column":12},"end":{"line":19,"column":13}},"3":{"start":{"line":21,"column":8},"end":{"line":21,"column":20}}},"fnMap":{"0":{"name":"(anonymous_0)","decl":{"start":{"line":5,"column":4},"end":{"line":5,"column":5}},"loc":{"start":{"line":5,"column":13},"end":{"line":22,"column":5}},"line":5}},"branchMap":{"0":{"loc":{"start":{"line":7,"column":8},"end":{"line":20,"column":9}},"type":"if","locations":[{"start":{"line":7,"column":8},"end":{"line":20,"column":9}},{"start":{"line":7,"column":8},"end":{"line":20,"column":9}}],"line":7},"1":{"loc":{"start":{"line":12,"column":25},"end":{"line":12,"column":72}},"type":"binary-expr","locations":[{"start":{"line":12,"column":25},"end":{"line":12,"column":41}},{"start":{"line":12,"column":45},"end":{"line":12,"column":72}}],"line":12}},"s":{"0":5,"1":5,"2":4,"3":1},"f":{"0":5},"b":{"0":[4,1],"1":[4,2]},"_coverageSchema":"332fd63041d2c1bcb487cc26dd0d5f7d97098a6c","hash":"04113024aa2bcd95a2c16f6dd193ab3530370b69"}
,"C:\\Users\\KenyonL\\Web Development\\Projects\\tech test refactor\\louis-react-tech-test\\src\\app\\components\\common\\Modal\\StatusMessage.jsx": {"path":"C:\\Users\\KenyonL\\Web Development\\Projects\\tech test refactor\\louis-react-tech-test\\src\\app\\components\\common\\Modal\\StatusMessage.jsx","statementMap":{"0":{"start":{"line":5,"column":8},"end":{"line":7,"column":9}},"1":{"start":{"line":6,"column":12},"end":{"line":6,"column":36}},"2":{"start":{"line":8,"column":8},"end":{"line":10,"column":9}},"3":{"start":{"line":9,"column":12},"end":{"line":9,"column":31}},"4":{"start":{"line":11,"column":8},"end":{"line":13,"column":9}},"5":{"start":{"line":12,"column":12},"end":{"line":12,"column":30}},"6":{"start":{"line":17,"column":8},"end":{"line":22,"column":9}}},"fnMap":{"0":{"name":"(anonymous_0)","decl":{"start":{"line":4,"column":4},"end":{"line":4,"column":5}},"loc":{"start":{"line":4,"column":18},"end":{"line":14,"column":5}},"line":4},"1":{"name":"(anonymous_1)","decl":{"start":{"line":16,"column":4},"end":{"line":16,"column":5}},"loc":{"start":{"line":16,"column":13},"end":{"line":23,"column":5}},"line":16}},"branchMap":{"0":{"loc":{"start":{"line":5,"column":8},"end":{"line":7,"column":9}},"type":"if","locations":[{"start":{"line":5,"column":8},"end":{"line":7,"column":9}},{"start":{"line":5,"column":8},"end":{"line":7,"column":9}}],"line":5},"1":{"loc":{"start":{"line":8,"column":8},"end":{"line":10,"column":9}},"type":"if","locations":[{"start":{"line":8,"column":8},"end":{"line":10,"column":9}},{"start":{"line":8,"column":8},"end":{"line":10,"column":9}}],"line":8},"2":{"loc":{"start":{"line":11,"column":8},"end":{"line":13,"column":9}},"type":"if","locations":[{"start":{"line":11,"column":8},"end":{"line":13,"column":9}},{"start":{"line":11,"column":8},"end":{"line":13,"column":9}}],"line":11}},"s":{"0":5,"1":3,"2":2,"3":1,"4":1,"5":1,"6":5},"f":{"0":5,"1":5},"b":{"0":[3,2],"1":[1,1],"2":[1,0]},"_coverageSchema":"332fd63041d2c1bcb487cc26dd0d5f7d97098a6c","hash":"16ba31ac6d462d16d6a21879cac76e8880aa1965"}
,"C:\\Users\\KenyonL\\Web Development\\Projects\\tech test refactor\\louis-react-tech-test\\src\\app\\components\\common\\Navigation\\Navigation.jsx": {"path":"C:\\Users\\KenyonL\\Web Development\\Projects\\tech test refactor\\louis-react-tech-test\\src\\app\\components\\common\\Navigation\\Navigation.jsx","statementMap":{"0":{"start":{"line":9,"column":8},"end":{"line":20,"column":9}}},"fnMap":{"0":{"name":"(anonymous_0)","decl":{"start":{"line":8,"column":4},"end":{"line":8,"column":5}},"loc":{"start":{"line":8,"column":13},"end":{"line":21,"column":5}},"line":8}},"branchMap":{},"s":{"0":1},"f":{"0":1},"b":{},"_coverageSchema":"332fd63041d2c1bcb487cc26dd0d5f7d97098a6c","hash":"235d306e7f8fb002ddcef5b761f3074c4c115891"}
,"C:\\Users\\KenyonL\\Web Development\\Projects\\tech test refactor\\louis-react-tech-test\\src\\app\\components\\common\\formFields\\Select.jsx": {"path":"C:\\Users\\KenyonL\\Web Development\\Projects\\tech test refactor\\louis-react-tech-test\\src\\app\\components\\common\\formFields\\Select.jsx","statementMap":{"0":{"start":{"line":5,"column":8},"end":{"line":5,"column":21}},"1":{"start":{"line":6,"column":8},"end":{"line":6,"column":49}},"2":{"start":{"line":10,"column":8},"end":{"line":10,"column":44}},"3":{"start":{"line":14,"column":26},"end":{"line":14,"column":36}},"4":{"start":{"line":15,"column":8},"end":{"line":21,"column":9}},"5":{"start":{"line":16,"column":12},"end":{"line":20,"column":15}},"6":{"start":{"line":17,"column":16},"end":{"line":19,"column":18}},"7":{"start":{"line":25,"column":8},"end":{"line":29,"column":9}}},"fnMap":{"0":{"name":"(anonymous_0)","decl":{"start":{"line":4,"column":4},"end":{"line":4,"column":5}},"loc":{"start":{"line":4,"column":23},"end":{"line":7,"column":5}},"line":4},"1":{"name":"(anonymous_1)","decl":{"start":{"line":9,"column":4},"end":{"line":9,"column":5}},"loc":{"start":{"line":9,"column":16},"end":{"line":11,"column":5}},"line":9},"2":{"name":"(anonymous_2)","decl":{"start":{"line":13,"column":4},"end":{"line":13,"column":5}},"loc":{"start":{"line":13,"column":20},"end":{"line":22,"column":5}},"line":13},"3":{"name":"(anonymous_3)","decl":{"start":{"line":16,"column":31},"end":{"line":16,"column":32}},"loc":{"start":{"line":16,"column":36},"end":{"line":20,"column":13}},"line":16},"4":{"name":"(anonymous_4)","decl":{"start":{"line":24,"column":4},"end":{"line":24,"column":5}},"loc":{"start":{"line":24,"column":13},"end":{"line":30,"column":5}},"line":24}},"branchMap":{"0":{"loc":{"start":{"line":15,"column":8},"end":{"line":21,"column":9}},"type":"if","locations":[{"start":{"line":15,"column":8},"end":{"line":21,"column":9}},{"start":{"line":15,"column":8},"end":{"line":21,"column":9}}],"line":15},"1":{"loc":{"start":{"line":15,"column":11},"end":{"line":15,"column":51}},"type":"binary-expr","locations":[{"start":{"line":15,"column":11},"end":{"line":15,"column":33}},{"start":{"line":15,"column":37},"end":{"line":15,"column":51}}],"line":15}},"s":{"0":6,"1":6,"2":2,"3":7,"4":7,"5":6,"6":14,"7":7},"f":{"0":6,"1":2,"2":7,"3":14,"4":7},"b":{"0":[6,1],"1":[7,6]},"_coverageSchema":"332fd63041d2c1bcb487cc26dd0d5f7d97098a6c","hash":"95a1830debea9f6e4f587e449a4204b3a1d17734"}
,"C:\\Users\\KenyonL\\Web Development\\Projects\\tech test refactor\\louis-react-tech-test\\src\\app\\components\\common\\reduxFormFields\\Error.jsx": {"path":"C:\\Users\\KenyonL\\Web Development\\Projects\\tech test refactor\\louis-react-tech-test\\src\\app\\components\\common\\reduxFormFields\\Error.jsx","statementMap":{"0":{"start":{"line":5,"column":26},"end":{"line":5,"column":36}},"1":{"start":{"line":6,"column":8},"end":{"line":12,"column":9}},"2":{"start":{"line":7,"column":12},"end":{"line":11,"column":13}},"3":{"start":{"line":13,"column":8},"end":{"line":13,"column":19}}},"fnMap":{"0":{"name":"(anonymous_0)","decl":{"start":{"line":4,"column":4},"end":{"line":4,"column":5}},"loc":{"start":{"line":4,"column":13},"end":{"line":14,"column":5}},"line":4}},"branchMap":{"0":{"loc":{"start":{"line":6,"column":8},"end":{"line":12,"column":9}},"type":"if","locations":[{"start":{"line":6,"column":8},"end":{"line":12,"column":9}},{"start":{"line":6,"column":8},"end":{"line":12,"column":9}}],"line":6}},"s":{"0":2,"1":2,"2":1,"3":1},"f":{"0":2},"b":{"0":[1,1]},"_coverageSchema":"332fd63041d2c1bcb487cc26dd0d5f7d97098a6c","hash":"264250773460543ae61a4f5d36721d4a231202dc"}
,"C:\\Users\\KenyonL\\Web Development\\Projects\\tech test refactor\\louis-react-tech-test\\src\\app\\components\\common\\reduxFormFields\\TextArea.jsx": {"path":"C:\\Users\\KenyonL\\Web Development\\Projects\\tech test refactor\\louis-react-tech-test\\src\\app\\components\\common\\reduxFormFields\\TextArea.jsx","statementMap":{"0":{"start":{"line":8,"column":33},"end":{"line":8,"column":48}},"1":{"start":{"line":9,"column":8},"end":{"line":9,"column":34}},"2":{"start":{"line":13,"column":26},"end":{"line":13,"column":67}},"3":{"start":{"line":14,"column":8},"end":{"line":22,"column":9}}},"fnMap":{"0":{"name":"(anonymous_0)","decl":{"start":{"line":7,"column":4},"end":{"line":7,"column":5}},"loc":{"start":{"line":7,"column":15},"end":{"line":10,"column":5}},"line":7},"1":{"name":"(anonymous_1)","decl":{"start":{"line":12,"column":4},"end":{"line":12,"column":5}},"loc":{"start":{"line":12,"column":13},"end":{"line":23,"column":5}},"line":12}},"branchMap":{"0":{"loc":{"start":{"line":9,"column":16},"end":{"line":9,"column":32}},"type":"binary-expr","locations":[{"start":{"line":9,"column":16},"end":{"line":9,"column":23}},{"start":{"line":9,"column":27},"end":{"line":9,"column":32}}],"line":9},"1":{"loc":{"start":{"line":13,"column":35},"end":{"line":13,"column":65}},"type":"cond-expr","locations":[{"start":{"line":13,"column":53},"end":{"line":13,"column":60}},{"start":{"line":13,"column":63},"end":{"line":13,"column":65}}],"line":13},"2":{"loc":{"start":{"line":17,"column":17},"end":{"line":20,"column":18}},"type":"binary-expr","locations":[{"start":{"line":17,"column":17},"end":{"line":17,"column":32}},{"start":{"line":18,"column":16},"end":{"line":20,"column":18}}],"line":17}},"s":{"0":2,"1":2,"2":1,"3":1},"f":{"0":2,"1":1},"b":{"0":[2,2],"1":[1,0],"2":[1,1]},"_coverageSchema":"332fd63041d2c1bcb487cc26dd0d5f7d97098a6c","hash":"1906fcad571088746994bca061922a9fe60b90ab"}
,"C:\\Users\\KenyonL\\Web Development\\Projects\\tech test refactor\\louis-react-tech-test\\src\\app\\components\\common\\reduxFormFields\\TextInput.jsx": {"path":"C:\\Users\\KenyonL\\Web Development\\Projects\\tech test refactor\\louis-react-tech-test\\src\\app\\components\\common\\reduxFormFields\\TextInput.jsx","statementMap":{"0":{"start":{"line":8,"column":33},"end":{"line":8,"column":48}},"1":{"start":{"line":9,"column":8},"end":{"line":9,"column":34}},"2":{"start":{"line":13,"column":26},"end":{"line":13,"column":67}},"3":{"start":{"line":14,"column":8},"end":{"line":22,"column":9}}},"fnMap":{"0":{"name":"(anonymous_0)","decl":{"start":{"line":7,"column":4},"end":{"line":7,"column":5}},"loc":{"start":{"line":7,"column":15},"end":{"line":10,"column":5}},"line":7},"1":{"name":"(anonymous_1)","decl":{"start":{"line":12,"column":4},"end":{"line":12,"column":5}},"loc":{"start":{"line":12,"column":13},"end":{"line":23,"column":5}},"line":12}},"branchMap":{"0":{"loc":{"start":{"line":9,"column":16},"end":{"line":9,"column":32}},"type":"binary-expr","locations":[{"start":{"line":9,"column":16},"end":{"line":9,"column":23}},{"start":{"line":9,"column":27},"end":{"line":9,"column":32}}],"line":9},"1":{"loc":{"start":{"line":13,"column":35},"end":{"line":13,"column":65}},"type":"cond-expr","locations":[{"start":{"line":13,"column":53},"end":{"line":13,"column":60}},{"start":{"line":13,"column":63},"end":{"line":13,"column":65}}],"line":13},"2":{"loc":{"start":{"line":17,"column":17},"end":{"line":20,"column":18}},"type":"binary-expr","locations":[{"start":{"line":17,"column":17},"end":{"line":17,"column":32}},{"start":{"line":18,"column":16},"end":{"line":20,"column":18}}],"line":17}},"s":{"0":2,"1":2,"2":1,"3":1},"f":{"0":2,"1":1},"b":{"0":[2,2],"1":[1,0],"2":[1,1]},"_coverageSchema":"332fd63041d2c1bcb487cc26dd0d5f7d97098a6c","hash":"b14bd34e50b26af86de2dacfc35e4325f7d65220"}
,"C:\\Users\\KenyonL\\Web Development\\Projects\\tech test refactor\\louis-react-tech-test\\src\\app\\components\\common\\reduxFormFields\\index.js": {"path":"C:\\Users\\KenyonL\\Web Development\\Projects\\tech test refactor\\louis-react-tech-test\\src\\app\\components\\common\\reduxFormFields\\index.js","statementMap":{},"fnMap":{},"branchMap":{},"s":{},"f":{},"b":{},"_coverageSchema":"332fd63041d2c1bcb487cc26dd0d5f7d97098a6c","hash":"7d47af9ce230424183136bcbff8d158fc8a4f5a6"}
,"C:\\Users\\KenyonL\\Web Development\\Projects\\tech test refactor\\louis-react-tech-test\\src\\app\\components\\notes\\AllNotes\\index.jsx": {"path":"C:\\Users\\KenyonL\\Web Development\\Projects\\tech test refactor\\louis-react-tech-test\\src\\app\\components\\notes\\AllNotes\\index.jsx","statementMap":{"0":{"start":{"line":7,"column":8},"end":{"line":17,"column":10}},"1":{"start":{"line":8,"column":12},"end":{"line":16,"column":13}},"2":{"start":{"line":21,"column":8},"end":{"line":27,"column":9}}},"fnMap":{"0":{"name":"(anonymous_0)","decl":{"start":{"line":6,"column":4},"end":{"line":6,"column":5}},"loc":{"start":{"line":6,"column":16},"end":{"line":18,"column":5}},"line":6},"1":{"name":"(anonymous_1)","decl":{"start":{"line":7,"column":35},"end":{"line":7,"column":36}},"loc":{"start":{"line":7,"column":45},"end":{"line":17,"column":9}},"line":7},"2":{"name":"(anonymous_2)","decl":{"start":{"line":20,"column":4},"end":{"line":20,"column":5}},"loc":{"start":{"line":20,"column":13},"end":{"line":28,"column":5}},"line":20}},"branchMap":{},"s":{"0":3,"1":6,"2":3},"f":{"0":3,"1":6,"2":3},"b":{},"_coverageSchema":"332fd63041d2c1bcb487cc26dd0d5f7d97098a6c","hash":"bcacced512e6b410b5b584c03e52849b2ff73344"}
,"C:\\Users\\KenyonL\\Web Development\\Projects\\tech test refactor\\louis-react-tech-test\\src\\app\\components\\notes\\Card\\index.jsx": {"path":"C:\\Users\\KenyonL\\Web Development\\Projects\\tech test refactor\\louis-react-tech-test\\src\\app\\components\\notes\\Card\\index.jsx","statementMap":{"0":{"start":{"line":8,"column":8},"end":{"line":36,"column":9}},"1":{"start":{"line":14,"column":43},"end":{"line":14,"column":75}}},"fnMap":{"0":{"name":"(anonymous_0)","decl":{"start":{"line":7,"column":4},"end":{"line":7,"column":5}},"loc":{"start":{"line":7,"column":13},"end":{"line":37,"column":5}},"line":7},"1":{"name":"(anonymous_1)","decl":{"start":{"line":14,"column":37},"end":{"line":14,"column":38}},"loc":{"start":{"line":14,"column":43},"end":{"line":14,"column":75}},"line":14}},"branchMap":{},"s":{"0":2,"1":1},"f":{"0":2,"1":1},"b":{},"_coverageSchema":"332fd63041d2c1bcb487cc26dd0d5f7d97098a6c","hash":"4fcbd732c02ba46d5ecc6a84f1f1d2897098d4cf"}
,"C:\\Users\\KenyonL\\Web Development\\Projects\\tech test refactor\\louis-react-tech-test\\src\\app\\config\\filterOptions.js": {"path":"C:\\Users\\KenyonL\\Web Development\\Projects\\tech test refactor\\louis-react-tech-test\\src\\app\\config\\filterOptions.js","statementMap":{"0":{"start":{"line":1,"column":28},"end":{"line":1,"column":39}},"1":{"start":{"line":2,"column":27},"end":{"line":2,"column":38}},"2":{"start":{"line":3,"column":29},"end":{"line":9,"column":2}}},"fnMap":{},"branchMap":{},"s":{"0":5,"1":5,"2":5},"f":{},"b":{},"_coverageSchema":"332fd63041d2c1bcb487cc26dd0d5f7d97098a6c","hash":"723d0085f9335b3f06374a242438cf77f63752fb"}
,"C:\\Users\\KenyonL\\Web Development\\Projects\\tech test refactor\\louis-react-tech-test\\src\\app\\containers\\common\\Modal\\index.jsx": {"path":"C:\\Users\\KenyonL\\Web Development\\Projects\\tech test refactor\\louis-react-tech-test\\src\\app\\containers\\common\\Modal\\index.jsx","statementMap":{"0":{"start":{"line":10,"column":8},"end":{"line":15,"column":9}},"1":{"start":{"line":12,"column":16},"end":{"line":12,"column":68}},"2":{"start":{"line":14,"column":16},"end":{"line":14,"column":74}},"3":{"start":{"line":19,"column":8},"end":{"line":26,"column":9}},"4":{"start":{"line":30,"column":24},"end":{"line":34,"column":1}},"5":{"start":{"line":31,"column":4},"end":{"line":33,"column":5}}},"fnMap":{"0":{"name":"(anonymous_0)","decl":{"start":{"line":9,"column":4},"end":{"line":9,"column":5}},"loc":{"start":{"line":9,"column":18},"end":{"line":16,"column":5}},"line":9},"1":{"name":"(anonymous_1)","decl":{"start":{"line":18,"column":4},"end":{"line":18,"column":5}},"loc":{"start":{"line":18,"column":13},"end":{"line":27,"column":5}},"line":18},"2":{"name":"(anonymous_2)","decl":{"start":{"line":30,"column":24},"end":{"line":30,"column":25}},"loc":{"start":{"line":30,"column":35},"end":{"line":34,"column":1}},"line":30}},"branchMap":{"0":{"loc":{"start":{"line":10,"column":8},"end":{"line":15,"column":9}},"type":"switch","locations":[{"start":{"line":11,"column":12},"end":{"line":12,"column":68}},{"start":{"line":13,"column":12},"end":{"line":14,"column":74}}],"line":10}},"s":{"0":5,"1":4,"2":1,"3":5,"4":2,"5":1},"f":{"0":5,"1":5,"2":1},"b":{"0":[4,1]},"_coverageSchema":"332fd63041d2c1bcb487cc26dd0d5f7d97098a6c","hash":"19f78a5108aec2e0cd7c15159068bb268b5d7928"}
,"C:\\Users\\KenyonL\\Web Development\\Projects\\tech test refactor\\louis-react-tech-test\\src\\app\\containers\\common\\formFields\\SelectContainer\\index.jsx": {"path":"C:\\Users\\KenyonL\\Web Development\\Projects\\tech test refactor\\louis-react-tech-test\\src\\app\\containers\\common\\formFields\\SelectContainer\\index.jsx","statementMap":{"0":{"start":{"line":11,"column":8},"end":{"line":17,"column":9}},"1":{"start":{"line":21,"column":24},"end":{"line":25,"column":1}},"2":{"start":{"line":22,"column":4},"end":{"line":24,"column":5}}},"fnMap":{"0":{"name":"(anonymous_0)","decl":{"start":{"line":10,"column":4},"end":{"line":10,"column":5}},"loc":{"start":{"line":10,"column":13},"end":{"line":18,"column":5}},"line":10},"1":{"name":"(anonymous_1)","decl":{"start":{"line":21,"column":24},"end":{"line":21,"column":25}},"loc":{"start":{"line":21,"column":35},"end":{"line":25,"column":1}},"line":21}},"branchMap":{},"s":{"0":6,"1":4,"2":4},"f":{"0":6,"1":4},"b":{},"_coverageSchema":"332fd63041d2c1bcb487cc26dd0d5f7d97098a6c","hash":"9a6716b950121a74150dc2072c96695519232844"}
,"C:\\Users\\KenyonL\\Web Development\\Projects\\tech test refactor\\louis-react-tech-test\\src\\app\\containers\\notes\\AllNotes\\index.jsx": {"path":"C:\\Users\\KenyonL\\Web Development\\Projects\\tech test refactor\\louis-react-tech-test\\src\\app\\containers\\notes\\AllNotes\\index.jsx","statementMap":{"0":{"start":{"line":13,"column":8},"end":{"line":13,"column":30}},"1":{"start":{"line":17,"column":8},"end":{"line":22,"column":9}},"2":{"start":{"line":27,"column":24},"end":{"line":29,"column":1}},"3":{"start":{"line":28,"column":4},"end":{"line":28,"column":37}}},"fnMap":{"0":{"name":"(anonymous_0)","decl":{"start":{"line":12,"column":4},"end":{"line":12,"column":5}},"loc":{"start":{"line":12,"column":24},"end":{"line":14,"column":5}},"line":12},"1":{"name":"(anonymous_1)","decl":{"start":{"line":16,"column":4},"end":{"line":16,"column":5}},"loc":{"start":{"line":16,"column":13},"end":{"line":23,"column":5}},"line":16},"2":{"name":"(anonymous_2)","decl":{"start":{"line":27,"column":24},"end":{"line":27,"column":25}},"loc":{"start":{"line":27,"column":35},"end":{"line":29,"column":1}},"line":27}},"branchMap":{},"s":{"0":4,"1":4,"2":3,"3":1},"f":{"0":4,"1":4,"2":1},"b":{},"_coverageSchema":"332fd63041d2c1bcb487cc26dd0d5f7d97098a6c","hash":"1bddce5384ef92db5d05df3917fdad2f928223b2"}
,"C:\\Users\\KenyonL\\Web Development\\Projects\\tech test refactor\\louis-react-tech-test\\src\\app\\containers\\notes\\NoteCreate\\index.jsx": {"path":"C:\\Users\\KenyonL\\Web Development\\Projects\\tech test refactor\\louis-react-tech-test\\src\\app\\containers\\notes\\NoteCreate\\index.jsx","statementMap":{"0":{"start":{"line":10,"column":8},"end":{"line":10,"column":21}},"1":{"start":{"line":11,"column":8},"end":{"line":11,"column":49}},"2":{"start":{"line":15,"column":8},"end":{"line":15,"column":61}},"3":{"start":{"line":19,"column":8},"end":{"line":27,"column":9}}},"fnMap":{"0":{"name":"(anonymous_0)","decl":{"start":{"line":9,"column":4},"end":{"line":9,"column":5}},"loc":{"start":{"line":9,"column":23},"end":{"line":12,"column":5}},"line":9},"1":{"name":"(anonymous_1)","decl":{"start":{"line":14,"column":4},"end":{"line":14,"column":5}},"loc":{"start":{"line":14,"column":25},"end":{"line":16,"column":5}},"line":14},"2":{"name":"(anonymous_2)","decl":{"start":{"line":18,"column":4},"end":{"line":18,"column":5}},"loc":{"start":{"line":18,"column":13},"end":{"line":28,"column":5}},"line":18}},"branchMap":{},"s":{"0":2,"1":2,"2":1,"3":2},"f":{"0":2,"1":1,"2":2},"b":{},"_coverageSchema":"332fd63041d2c1bcb487cc26dd0d5f7d97098a6c","hash":"088397f3df2c262d4cd13d8d2c08a2f39a22919f"}
,"C:\\Users\\KenyonL\\Web Development\\Projects\\tech test refactor\\louis-react-tech-test\\src\\app\\containers\\notes\\NoteEdit\\index.jsx": {"path":"C:\\Users\\KenyonL\\Web Development\\Projects\\tech test refactor\\louis-react-tech-test\\src\\app\\containers\\notes\\NoteEdit\\index.jsx","statementMap":{"0":{"start":{"line":10,"column":8},"end":{"line":10,"column":21}},"1":{"start":{"line":11,"column":8},"end":{"line":11,"column":49}},"2":{"start":{"line":15,"column":8},"end":{"line":15,"column":55}},"3":{"start":{"line":19,"column":8},"end":{"line":19,"column":61}},"4":{"start":{"line":23,"column":8},"end":{"line":32,"column":9}},"5":{"start":{"line":36,"column":0},"end":{"line":38,"column":2}},"6":{"start":{"line":41,"column":24},"end":{"line":45,"column":1}},"7":{"start":{"line":42,"column":4},"end":{"line":44,"column":5}}},"fnMap":{"0":{"name":"(anonymous_0)","decl":{"start":{"line":9,"column":4},"end":{"line":9,"column":5}},"loc":{"start":{"line":9,"column":23},"end":{"line":12,"column":5}},"line":9},"1":{"name":"(anonymous_1)","decl":{"start":{"line":14,"column":4},"end":{"line":14,"column":5}},"loc":{"start":{"line":14,"column":24},"end":{"line":16,"column":5}},"line":14},"2":{"name":"(anonymous_2)","decl":{"start":{"line":18,"column":4},"end":{"line":18,"column":5}},"loc":{"start":{"line":18,"column":25},"end":{"line":20,"column":5}},"line":18},"3":{"name":"(anonymous_3)","decl":{"start":{"line":22,"column":4},"end":{"line":22,"column":5}},"loc":{"start":{"line":22,"column":13},"end":{"line":33,"column":5}},"line":22},"4":{"name":"(anonymous_4)","decl":{"start":{"line":41,"column":24},"end":{"line":41,"column":25}},"loc":{"start":{"line":41,"column":35},"end":{"line":45,"column":1}},"line":41}},"branchMap":{},"s":{"0":5,"1":5,"2":5,"3":3,"4":5,"5":3,"6":3,"7":2},"f":{"0":5,"1":5,"2":3,"3":5,"4":2},"b":{},"_coverageSchema":"332fd63041d2c1bcb487cc26dd0d5f7d97098a6c","hash":"897f8dd3639815db5bbe0d360d80a412aaf4665b"}
,"C:\\Users\\KenyonL\\Web Development\\Projects\\tech test refactor\\louis-react-tech-test\\src\\app\\containers\\notes\\NoteForm\\index.jsx": {"path":"C:\\Users\\KenyonL\\Web Development\\Projects\\tech test refactor\\louis-react-tech-test\\src\\app\\containers\\notes\\NoteForm\\index.jsx","statementMap":{"0":{"start":{"line":10,"column":8},"end":{"line":10,"column":21}},"1":{"start":{"line":11,"column":8},"end":{"line":11,"column":49}},"2":{"start":{"line":15,"column":8},"end":{"line":15,"column":39}},"3":{"start":{"line":19,"column":8},"end":{"line":37,"column":9}},"4":{"start":{"line":41,"column":24},"end":{"line":50,"column":1}},"5":{"start":{"line":42,"column":19},"end":{"line":42,"column":21}},"6":{"start":{"line":43,"column":4},"end":{"line":45,"column":5}},"7":{"start":{"line":44,"column":8},"end":{"line":44,"column":61}},"8":{"start":{"line":46,"column":4},"end":{"line":48,"column":5}},"9":{"start":{"line":47,"column":8},"end":{"line":47,"column":59}},"10":{"start":{"line":49,"column":4},"end":{"line":49,"column":18}}},"fnMap":{"0":{"name":"(anonymous_0)","decl":{"start":{"line":9,"column":4},"end":{"line":9,"column":5}},"loc":{"start":{"line":9,"column":23},"end":{"line":12,"column":5}},"line":9},"1":{"name":"(anonymous_1)","decl":{"start":{"line":14,"column":4},"end":{"line":14,"column":5}},"loc":{"start":{"line":14,"column":25},"end":{"line":16,"column":5}},"line":14},"2":{"name":"(anonymous_2)","decl":{"start":{"line":18,"column":4},"end":{"line":18,"column":5}},"loc":{"start":{"line":18,"column":13},"end":{"line":38,"column":5}},"line":18},"3":{"name":"(anonymous_3)","decl":{"start":{"line":41,"column":24},"end":{"line":41,"column":25}},"loc":{"start":{"line":41,"column":40},"end":{"line":50,"column":1}},"line":41}},"branchMap":{"0":{"loc":{"start":{"line":43,"column":4},"end":{"line":45,"column":5}},"type":"if","locations":[{"start":{"line":43,"column":4},"end":{"line":45,"column":5}},{"start":{"line":43,"column":4},"end":{"line":45,"column":5}}],"line":43},"1":{"loc":{"start":{"line":46,"column":4},"end":{"line":48,"column":5}},"type":"if","locations":[{"start":{"line":46,"column":4},"end":{"line":48,"column":5}},{"start":{"line":46,"column":4},"end":{"line":48,"column":5}}],"line":46}},"s":{"0":4,"1":4,"2":3,"3":4,"4":5,"5":2,"6":2,"7":1,"8":2,"9":1,"10":2},"f":{"0":4,"1":3,"2":4,"3":2},"b":{"0":[1,1],"1":[1,1]},"_coverageSchema":"332fd63041d2c1bcb487cc26dd0d5f7d97098a6c","hash":"f74b57b989884ab4f636dc7e3bd1fd616489bbb3"}
,"C:\\Users\\KenyonL\\Web Development\\Projects\\tech test refactor\\louis-react-tech-test\\src\\app\\reducers\\index.js": {"path":"C:\\Users\\KenyonL\\Web Development\\Projects\\tech test refactor\\louis-react-tech-test\\src\\app\\reducers\\index.js","statementMap":{"0":{"start":{"line":1,"column":0},"end":{"line":null,"column":-1}},"1":{"start":{"line":2,"column":0},"end":{"line":null,"column":-1}},"2":{"start":{"line":3,"column":0},"end":{"line":null,"column":-1}},"3":{"start":{"line":4,"column":0},"end":{"line":null,"column":-1}}},"fnMap":{},"branchMap":{},"s":{"0":0,"1":0,"2":0,"3":0},"f":{},"b":{}}
,"C:\\Users\\KenyonL\\Web Development\\Projects\\tech test refactor\\louis-react-tech-test\\src\\app\\reducers\\common\\index.js": {"path":"C:\\Users\\KenyonL\\Web Development\\Projects\\tech test refactor\\louis-react-tech-test\\src\\app\\reducers\\common\\index.js","statementMap":{"0":{"start":{"line":1,"column":0},"end":{"line":null,"column":-1}},"1":{"start":{"line":2,"column":0},"end":{"line":null,"column":-1}}},"fnMap":{},"branchMap":{},"s":{"0":0,"1":0},"f":{},"b":{}}
,"C:\\Users\\KenyonL\\Web Development\\Projects\\tech test refactor\\louis-react-tech-test\\src\\app\\reducers\\common\\modal.reducer.js": {"path":"C:\\Users\\KenyonL\\Web Development\\Projects\\tech test refactor\\louis-react-tech-test\\src\\app\\reducers\\common\\modal.reducer.js","statementMap":{"0":{"start":{"line":7,"column":21},"end":{"line":11,"column":1}},"1":{"start":{"line":14,"column":4},"end":{"line":32,"column":5}},"2":{"start":{"line":16,"column":12},"end":{"line":20,"column":14}},"3":{"start":{"line":22,"column":12},"end":{"line":26,"column":14}},"4":{"start":{"line":29,"column":12},"end":{"line":29,"column":32}},"5":{"start":{"line":31,"column":12},"end":{"line":31,"column":25}}},"fnMap":{"0":{"name":"(anonymous_0)","decl":{"start":{"line":13,"column":15},"end":{"line":13,"column":16}},"loc":{"start":{"line":13,"column":49},"end":{"line":33,"column":1}},"line":13}},"branchMap":{"0":{"loc":{"start":{"line":13,"column":16},"end":{"line":13,"column":36}},"type":"default-arg","locations":[{"start":{"line":13,"column":24},"end":{"line":13,"column":36}}],"line":13},"1":{"loc":{"start":{"line":14,"column":4},"end":{"line":32,"column":5}},"type":"switch","locations":[{"start":{"line":15,"column":8},"end":{"line":20,"column":14}},{"start":{"line":21,"column":8},"end":{"line":26,"column":14}},{"start":{"line":28,"column":8},"end":{"line":29,"column":32}},{"start":{"line":30,"column":8},"end":{"line":31,"column":25}}],"line":14}},"s":{"0":1,"1":7,"2":2,"3":2,"4":2,"5":1},"f":{"0":7},"b":{"0":[4],"1":[2,2,2,1]},"_coverageSchema":"332fd63041d2c1bcb487cc26dd0d5f7d97098a6c","hash":"f16c420adf8c0642b361bfd60f13191b10139b9d"}
,"C:\\Users\\KenyonL\\Web Development\\Projects\\tech test refactor\\louis-react-tech-test\\src\\app\\reducers\\note\\note.reducer.js": {"path":"C:\\Users\\KenyonL\\Web Development\\Projects\\tech test refactor\\louis-react-tech-test\\src\\app\\reducers\\note\\note.reducer.js","statementMap":{"0":{"start":{"line":8,"column":21},"end":{"line":12,"column":1}},"1":{"start":{"line":15,"column":4},"end":{"line":24,"column":5}},"2":{"start":{"line":17,"column":12},"end":{"line":17,"column":52}},"3":{"start":{"line":19,"column":12},"end":{"line":19,"column":52}},"4":{"start":{"line":21,"column":12},"end":{"line":21,"column":60}},"5":{"start":{"line":23,"column":12},"end":{"line":23,"column":25}}},"fnMap":{"0":{"name":"(anonymous_0)","decl":{"start":{"line":14,"column":15},"end":{"line":14,"column":16}},"loc":{"start":{"line":14,"column":49},"end":{"line":25,"column":1}},"line":14}},"branchMap":{"0":{"loc":{"start":{"line":14,"column":16},"end":{"line":14,"column":36}},"type":"default-arg","locations":[{"start":{"line":14,"column":24},"end":{"line":14,"column":36}}],"line":14},"1":{"loc":{"start":{"line":15,"column":4},"end":{"line":24,"column":5}},"type":"switch","locations":[{"start":{"line":16,"column":8},"end":{"line":17,"column":52}},{"start":{"line":18,"column":8},"end":{"line":19,"column":52}},{"start":{"line":20,"column":8},"end":{"line":21,"column":60}},{"start":{"line":22,"column":8},"end":{"line":23,"column":25}}],"line":15}},"s":{"0":1,"1":7,"2":2,"3":2,"4":2,"5":1},"f":{"0":7},"b":{"0":[4],"1":[2,2,2,1]},"_coverageSchema":"332fd63041d2c1bcb487cc26dd0d5f7d97098a6c","hash":"84dcd2776c304776d76c39bd0c11431bffc97ef3"}
,"C:\\Users\\KenyonL\\Web Development\\Projects\\tech test refactor\\louis-react-tech-test\\src\\app\\routes\\index.jsx": {"path":"C:\\Users\\KenyonL\\Web Development\\Projects\\tech test refactor\\louis-react-tech-test\\src\\app\\routes\\index.jsx","statementMap":{"0":{"start":{"line":12,"column":8},"end":{"line":23,"column":9}}},"fnMap":{"0":{"name":"(anonymous_0)","decl":{"start":{"line":11,"column":4},"end":{"line":11,"column":5}},"loc":{"start":{"line":11,"column":13},"end":{"line":24,"column":5}},"line":11}},"branchMap":{},"s":{"0":1},"f":{"0":1},"b":{},"_coverageSchema":"332fd63041d2c1bcb487cc26dd0d5f7d97098a6c","hash":"92b92378c7fbe83202049a182000f7091499e91a"}
,"C:\\Users\\KenyonL\\Web Development\\Projects\\tech test refactor\\louis-react-tech-test\\src\\app\\selectors\\note\\note.selector.js": {"path":"C:\\Users\\KenyonL\\Web Development\\Projects\\tech test refactor\\louis-react-tech-test\\src\\app\\selectors\\note\\note.selector.js","statementMap":{"0":{"start":{"line":4,"column":25},"end":{"line":4,"column":50}},"1":{"start":{"line":4,"column":34},"end":{"line":4,"column":50}},"2":{"start":{"line":5,"column":30},"end":{"line":5,"column":63}},"3":{"start":{"line":5,"column":39},"end":{"line":5,"column":63}},"4":{"start":{"line":7,"column":35},"end":{"line":18,"column":6}},"5":{"start":{"line":11,"column":20},"end":{"line":11,"column":22}},"6":{"start":{"line":12,"column":8},"end":{"line":14,"column":9}},"7":{"start":{"line":13,"column":12},"end":{"line":13,"column":109}},"8":{"start":{"line":13,"column":44},"end":{"line":13,"column":107}},"9":{"start":{"line":15,"column":8},"end":{"line":17,"column":9}}},"fnMap":{"0":{"name":"(anonymous_0)","decl":{"start":{"line":4,"column":25},"end":{"line":4,"column":26}},"loc":{"start":{"line":4,"column":34},"end":{"line":4,"column":50}},"line":4},"1":{"name":"(anonymous_1)","decl":{"start":{"line":5,"column":30},"end":{"line":5,"column":31}},"loc":{"start":{"line":5,"column":39},"end":{"line":5,"column":63}},"line":5},"2":{"name":"(anonymous_2)","decl":{"start":{"line":10,"column":4},"end":{"line":10,"column":5}},"loc":{"start":{"line":10,"column":37},"end":{"line":18,"column":5}},"line":10},"3":{"name":"(anonymous_3)","decl":{"start":{"line":13,"column":34},"end":{"line":13,"column":35}},"loc":{"start":{"line":13,"column":44},"end":{"line":13,"column":107}},"line":13}},"branchMap":{"0":{"loc":{"start":{"line":12,"column":8},"end":{"line":14,"column":9}},"type":"if","locations":[{"start":{"line":12,"column":8},"end":{"line":14,"column":9}},{"start":{"line":12,"column":8},"end":{"line":14,"column":9}}],"line":12}},"s":{"0":4,"1":4,"2":4,"3":4,"4":4,"5":4,"6":4,"7":2,"8":6,"9":4},"f":{"0":4,"1":4,"2":4,"3":6},"b":{"0":[2,2]},"_coverageSchema":"332fd63041d2c1bcb487cc26dd0d5f7d97098a6c","hash":"720d65acbdca2065d37fd346446c98969f9d6464"}
}
